Using pre-set license
Built from '2021.3/release' branch; Version is '2021.3.12f1 (8af3c3e441b1) revision 9106371'; Using compiler version '192829333'; Build Type 'Release'
OS: 'Windows 10  (10.0.19045) 64bit Professional' Language: 'en' Physical Memory: 8076 MB
BatchMode: 1, IsHumanControllingUs: 0, StartBugReporterOnCrash: 0, Is64bit: 1, IsPro: 1

COMMAND LINE ARGUMENTS:
C:\Program Files\Unity\Hub\Editor\2021.3.12f1\Editor\Unity.exe
-adb2
-batchMode
-noUpm
-name
AssetImportWorker0
-projectPath
C:/Unity/Roc/RoC
-logFile
Logs/AssetImportWorker0.log
-srvPort
65045
Successfully changed project path to: C:/Unity/Roc/RoC
C:/Unity/Roc/RoC
[UnityMemory] Configuration Parameters - Can be set up in boot.config
    "memorysetup-bucket-allocator-granularity=16"
    "memorysetup-bucket-allocator-bucket-count=8"
    "memorysetup-bucket-allocator-block-size=33554432"
    "memorysetup-bucket-allocator-block-count=8"
    "memorysetup-main-allocator-block-size=16777216"
    "memorysetup-thread-allocator-block-size=16777216"
    "memorysetup-gfx-main-allocator-block-size=16777216"
    "memorysetup-gfx-thread-allocator-block-size=16777216"
    "memorysetup-cache-allocator-block-size=4194304"
    "memorysetup-typetree-allocator-block-size=2097152"
    "memorysetup-profiler-bucket-allocator-granularity=16"
    "memorysetup-profiler-bucket-allocator-bucket-count=8"
    "memorysetup-profiler-bucket-allocator-block-size=33554432"
    "memorysetup-profiler-bucket-allocator-block-count=8"
    "memorysetup-profiler-allocator-block-size=16777216"
    "memorysetup-profiler-editor-allocator-block-size=1048576"
    "memorysetup-temp-allocator-size-main=16777216"
    "memorysetup-job-temp-allocator-block-size=2097152"
    "memorysetup-job-temp-allocator-block-size-background=1048576"
    "memorysetup-job-temp-allocator-reduction-small-platforms=262144"
    "memorysetup-temp-allocator-size-background-worker=32768"
    "memorysetup-temp-allocator-size-job-worker=262144"
    "memorysetup-temp-allocator-size-preload-manager=33554432"
    "memorysetup-temp-allocator-size-nav-mesh-worker=65536"
    "memorysetup-temp-allocator-size-audio-worker=65536"
    "memorysetup-temp-allocator-size-cloud-worker=32768"
    "memorysetup-temp-allocator-size-gi-baking-worker=262144"
    "memorysetup-temp-allocator-size-gfx=262144"
Refreshing native plugins compatible for Editor in 87.50 ms, found 4 plugins.
Preloading 0 native plugins for Editor in 0.00 ms.
Initialize engine version: 2021.3.12f1 (8af3c3e441b1)
[Subsystems] Discovering subsystems at path C:/Program Files/Unity/Hub/Editor/2021.3.12f1/Editor/Data/Resources/UnitySubsystems
[Subsystems] Discovering subsystems at path C:/Unity/Roc/RoC/Assets
GfxDevice: creating device client; threaded=0; jobified=0
Direct3D:
    Version:  Direct3D 11.0 [level 11.1]
    Renderer: NVIDIA GeForce GTX 1060 3GB (ID=0x1c02)
    Vendor:   NVIDIA
    VRAM:     2979 MB
    Driver:   31.0.15.2737
Initialize mono
Mono path[0] = 'C:/Program Files/Unity/Hub/Editor/2021.3.12f1/Editor/Data/Managed'
Mono path[1] = 'C:/Program Files/Unity/Hub/Editor/2021.3.12f1/Editor/Data/MonoBleedingEdge/lib/mono/unityjit-win32'
Mono config path = 'C:/Program Files/Unity/Hub/Editor/2021.3.12f1/Editor/Data/MonoBleedingEdge/etc'
Using monoOptions --debugger-agent=transport=dt_socket,embedding=1,server=y,suspend=n,address=127.0.0.1:56912
Begin MonoManager ReloadAssembly
Registering precompiled unity dll's ...
Register platform support module: C:/Program Files/Unity/Hub/Editor/2021.3.12f1/Editor/Data/PlaybackEngines/WebGLSupport/UnityEditor.WebGL.Extensions.dll
Register platform support module: C:/Program Files/Unity/Hub/Editor/2021.3.12f1/Editor/Data/PlaybackEngines/WindowsStandaloneSupport/UnityEditor.WindowsStandalone.Extensions.dll
Registered in 0.006532 seconds.
Native extension for WindowsStandalone target not found
Native extension for WebGL target not found
Refreshing native plugins compatible for Editor in 74.62 ms, found 4 plugins.
Preloading 0 native plugins for Editor in 0.00 ms.
Mono: successfully reloaded assembly
- Completed reload, in  0.483 seconds
Domain Reload Profiling:
	ReloadAssembly (483ms)
		BeginReloadAssembly (55ms)
			ExecutionOrderSort (0ms)
			DisableScriptedObjects (0ms)
			BackupInstance (0ms)
			ReleaseScriptingObjects (0ms)
			CreateAndSetChildDomain (1ms)
		EndReloadAssembly (347ms)
			LoadAssemblies (53ms)
			RebuildTransferFunctionScriptingTraits (0ms)
			SetupTypeCache (70ms)
			ReleaseScriptCaches (0ms)
			RebuildScriptCaches (19ms)
			SetupLoadedEditorAssemblies (218ms)
				LogAssemblyErrors (0ms)
				InitializePlatformSupportModulesInManaged (7ms)
				SetLoadedEditorAssemblies (0ms)
				RefreshPlugins (75ms)
				BeforeProcessingInitializeOnLoad (1ms)
				ProcessInitializeOnLoadAttributes (101ms)
				ProcessInitializeOnLoadMethodAttributes (34ms)
				AfterProcessingInitializeOnLoad (0ms)
				EditorAssembliesLoaded (0ms)
			ExecutionOrderSort2 (0ms)
			AwakeInstancesAfterBackupRestoration (0ms)
Platform modules already initialized, skipping
Registering precompiled user dll's ...
Registered in 0.006427 seconds.
Begin MonoManager ReloadAssembly
Native extension for WindowsStandalone target not found
Native extension for WebGL target not found
Refreshing native plugins compatible for Editor in 78.04 ms, found 4 plugins.
Preloading 0 native plugins for Editor in 0.00 ms.
Mono: successfully reloaded assembly
- Completed reload, in  0.865 seconds
Domain Reload Profiling:
	ReloadAssembly (866ms)
		BeginReloadAssembly (83ms)
			ExecutionOrderSort (0ms)
			DisableScriptedObjects (5ms)
			BackupInstance (0ms)
			ReleaseScriptingObjects (0ms)
			CreateAndSetChildDomain (15ms)
		EndReloadAssembly (698ms)
			LoadAssemblies (67ms)
			RebuildTransferFunctionScriptingTraits (0ms)
			SetupTypeCache (169ms)
			ReleaseScriptCaches (1ms)
			RebuildScriptCaches (38ms)
			SetupLoadedEditorAssemblies (387ms)
				LogAssemblyErrors (0ms)
				InitializePlatformSupportModulesInManaged (5ms)
				SetLoadedEditorAssemblies (0ms)
				RefreshPlugins (78ms)
				BeforeProcessingInitializeOnLoad (78ms)
				ProcessInitializeOnLoadAttributes (180ms)
				ProcessInitializeOnLoadMethodAttributes (35ms)
				AfterProcessingInitializeOnLoad (10ms)
				EditorAssembliesLoaded (0ms)
			ExecutionOrderSort2 (0ms)
			AwakeInstancesAfterBackupRestoration (6ms)
Platform modules already initialized, skipping
========================================================================
Worker process is ready to serve import requests
Launched and connected shader compiler UnityShaderCompiler.exe after 0.03 seconds
Refreshing native plugins compatible for Editor in 0.71 ms, found 4 plugins.
Preloading 0 native plugins for Editor in 0.00 ms.
Unloading 4096 Unused Serialized files (Serialized files now loaded: 0)
Unloading 38 unused Assets / (56.8 KB). Loaded Objects now: 4552.
Memory consumption went from 154.0 MB to 153.9 MB.
Total: 2.669100 ms (FindLiveObjects: 0.232900 ms CreateObjectMapping: 0.109000 ms MarkObjects: 2.263700 ms  DeleteObjects: 0.063100 ms)

AssetImportParameters requested are different than current active one (requested -> active):
  custom:video-decoder-ogg-theora: a1e56fd34408186e4bbccfd4996cb3dc -> 
  custom:container-muxer-webm: aa71ff27fc2769a1b78a27578f13a17b -> 
  custom:container-demuxer-webm: 4f35f7cbe854078d1ac9338744f61a02 -> 
  custom:video-encoder-webm-vp8: eb34c28f22e8b96e1ab97ce403110664 -> 
  custom:audio-encoder-webm-vorbis: bf7c407c2cedff20999df2af8eb42d56 -> 
  custom:framework-win-MediaFoundation: 216162199b28c13a410421893ffa2e32 -> 
  custom:container-demuxer-ogg: 62fdf1f143b41e24485cea50d1cbac27 -> 
  custom:video-decoder-webm-vp8: 9c59270c3fd7afecdb556c50c9e8de78 -> 
  custom:audio-decoder-ogg-vorbis: bf7c407c2cedff20999df2af8eb42d56 -> 
========================================================================
Received Import Request.
  Time since last request: 160888.080345 seconds.
  path: Assets/Scenes/Clock.png
  artifactKey: Guid(0fa0370e20d181d49a832575a98f92b2) Importer(815301076,1909f56bfc062723c751e8b465ee728b)
Start importing Assets/Scenes/Clock.png using Guid(0fa0370e20d181d49a832575a98f92b2) Importer(815301076,1909f56bfc062723c751e8b465ee728b)  -> (artifact id: '896952d6c92352acdbbb762d2de65845') in 0.093544 seconds 
========================================================================
Received Import Request.
  Time since last request: 47.336158 seconds.
  path: Assets/Sprites/313978557_823729378962881_6538822917322258780_n.png
  artifactKey: Guid(eb51925fc2467a04283330f8881afbc4) Importer(815301076,1909f56bfc062723c751e8b465ee728b)
Start importing Assets/Sprites/313978557_823729378962881_6538822917322258780_n.png using Guid(eb51925fc2467a04283330f8881afbc4) Importer(815301076,1909f56bfc062723c751e8b465ee728b)  -> (artifact id: '9a9f6e361f65744bde6209ced0880f52') in 0.011347 seconds 
========================================================================
Received Import Request.
  Time since last request: 0.000022 seconds.
  path: Assets/Sprites/Icon.png
  artifactKey: Guid(8db1b0fdb2d1fc1439186bdf32f222bf) Importer(815301076,1909f56bfc062723c751e8b465ee728b)
Start importing Assets/Sprites/Icon.png using Guid(8db1b0fdb2d1fc1439186bdf32f222bf) Importer(815301076,1909f56bfc062723c751e8b465ee728b)  -> (artifact id: '2afca72bfb4aae4567e31e1018c3a02a') in 0.009566 seconds 
========================================================================
Received Import Request.
  Time since last request: 0.000014 seconds.
  path: Assets/Sprites/Placeholder01.png
  artifactKey: Guid(4e3d1ceeabffbae40a02738e8e23555d) Importer(815301076,1909f56bfc062723c751e8b465ee728b)
Start importing Assets/Sprites/Placeholder01.png using Guid(4e3d1ceeabffbae40a02738e8e23555d) Importer(815301076,1909f56bfc062723c751e8b465ee728b)  -> (artifact id: '95792f3cf9405892774f2d9ab7f46bb0') in 0.006444 seconds 
========================================================================
Received Import Request.
  Time since last request: 0.000016 seconds.
  path: Assets/Sprites/dasha-lebedko-bg-3.jpg
  artifactKey: Guid(050263d60719b6c4b95b92fb69151be8) Importer(815301076,1909f56bfc062723c751e8b465ee728b)
Start importing Assets/Sprites/dasha-lebedko-bg-3.jpg using Guid(050263d60719b6c4b95b92fb69151be8) Importer(815301076,1909f56bfc062723c751e8b465ee728b)  -> (artifact id: 'cba21f591be99cb9d94cb5e89eaba29f') in 0.132820 seconds 
========================================================================
Received Import Request.
  Time since last request: 1.096666 seconds.
  path: Assets/TextMesh Pro/gold.asset
  artifactKey: Guid(8f0a228c8cb43c844b36622c62885f90) Importer(815301076,1909f56bfc062723c751e8b465ee728b)
Start importing Assets/TextMesh Pro/gold.asset using Guid(8f0a228c8cb43c844b36622c62885f90) Importer(815301076,1909f56bfc062723c751e8b465ee728b)  -> (artifact id: '3081c639727eee9ff3b28aa8dfae3473') in 0.004416 seconds 
========================================================================
Received Import Request.
  Time since last request: 0.572802 seconds.
  path: Assets/8246060_orig_163.asset
  artifactKey: Guid(bcc595fa8ea54a948a1a02ee24d94c8a) Importer(815301076,1909f56bfc062723c751e8b465ee728b)
Start importing Assets/8246060_orig_163.asset using Guid(bcc595fa8ea54a948a1a02ee24d94c8a) Importer(815301076,1909f56bfc062723c751e8b465ee728b)  -> (artifact id: 'c9591a7b7250790f40f745c055f59391') in 0.007938 seconds 
========================================================================
Received Import Request.
  Time since last request: 0.000018 seconds.
  path: Assets/NotPlowable.asset
  artifactKey: Guid(2491ada5963fb334298ce4f1201bdbe9) Importer(815301076,1909f56bfc062723c751e8b465ee728b)
Start importing Assets/NotPlowable.asset using Guid(2491ada5963fb334298ce4f1201bdbe9) Importer(815301076,1909f56bfc062723c751e8b465ee728b)  -> (artifact id: '8b30a51f7ef471a47e872578a9b0affa') in 0.002747 seconds 
========================================================================
Received Import Request.
  Time since last request: 0.000012 seconds.
  path: Assets/TilesetExample_17.asset
  artifactKey: Guid(8f7d1938a3f550149b78b92495ba712b) Importer(815301076,1909f56bfc062723c751e8b465ee728b)
Start importing Assets/TilesetExample_17.asset using Guid(8f7d1938a3f550149b78b92495ba712b) Importer(815301076,1909f56bfc062723c751e8b465ee728b)  -> (artifact id: 'bac32f7002dfbbc829f7103c93633691') in 0.007609 seconds 
========================================================================
Received Import Request.
  Time since last request: 0.000018 seconds.
  path: Assets/TilesetExample_32.asset
  artifactKey: Guid(f2c7a27e564ee784ba3ed8d852d94bee) Importer(815301076,1909f56bfc062723c751e8b465ee728b)
Start importing Assets/TilesetExample_32.asset using Guid(f2c7a27e564ee784ba3ed8d852d94bee) Importer(815301076,1909f56bfc062723c751e8b465ee728b)  -> (artifact id: 'da33d0f7c5baf66a58d31c5c8be3fe9b') in 0.005151 seconds 
========================================================================
Received Import Request.
  Time since last request: 0.000013 seconds.
  path: Assets/TilesetExample_4.asset
  artifactKey: Guid(98c9be84ac0c3c14eb13ec33ae387f61) Importer(815301076,1909f56bfc062723c751e8b465ee728b)
Start importing Assets/TilesetExample_4.asset using Guid(98c9be84ac0c3c14eb13ec33ae387f61) Importer(815301076,1909f56bfc062723c751e8b465ee728b)  -> (artifact id: 'faa528d3795b62d26d0eb2e5f3a86f21') in 0.004952 seconds 
========================================================================
Received Import Request.
  Time since last request: 0.000015 seconds.
  path: Assets/TilesetExample_29.asset
  artifactKey: Guid(4ed0522d7fc4a224f8cdba3650fccdd4) Importer(815301076,1909f56bfc062723c751e8b465ee728b)
Start importing Assets/TilesetExample_29.asset using Guid(4ed0522d7fc4a224f8cdba3650fccdd4) Importer(815301076,1909f56bfc062723c751e8b465ee728b)  -> (artifact id: '30dd8864f209d0d07f20f0366ae06dbe') in 0.004695 seconds 
========================================================================
Received Import Request.
  Time since last request: 0.000016 seconds.
  path: Assets/TilesetExample_5.asset
  artifactKey: Guid(ae709293cb68a594186a5fa3bb829269) Importer(815301076,1909f56bfc062723c751e8b465ee728b)
Start importing Assets/TilesetExample_5.asset using Guid(ae709293cb68a594186a5fa3bb829269) Importer(815301076,1909f56bfc062723c751e8b465ee728b)  -> (artifact id: '765f41d155e5dda72a6ed3c687fb678a') in 0.004382 seconds 
========================================================================
Received Import Request.
  Time since last request: 0.000013 seconds.
  path: Assets/TilesetExample_3.asset
  artifactKey: Guid(cba1beb67f2167546a4e39d0e5f93f04) Importer(815301076,1909f56bfc062723c751e8b465ee728b)
Start importing Assets/TilesetExample_3.asset using Guid(cba1beb67f2167546a4e39d0e5f93f04) Importer(815301076,1909f56bfc062723c751e8b465ee728b)  -> (artifact id: '1c700673c74eaa35c7930c0ec1793876') in 0.004551 seconds 
========================================================================
Received Import Request.
  Time since last request: 0.000015 seconds.
  path: Assets/TilesetExample_16.asset
  artifactKey: Guid(79487e312bbee434ea16fbba432c094d) Importer(815301076,1909f56bfc062723c751e8b465ee728b)
Start importing Assets/TilesetExample_16.asset using Guid(79487e312bbee434ea16fbba432c094d) Importer(815301076,1909f56bfc062723c751e8b465ee728b)  -> (artifact id: 'c3affde50ea829c670d0c04b713bcbdb') in 0.004643 seconds 
========================================================================
Received Import Request.
  Time since last request: 0.000014 seconds.
  path: Assets/TilesetExample_0.asset
  artifactKey: Guid(35328ada3f98f294c9dc4f6d74713ea9) Importer(815301076,1909f56bfc062723c751e8b465ee728b)
Start importing Assets/TilesetExample_0.asset using Guid(35328ada3f98f294c9dc4f6d74713ea9) Importer(815301076,1909f56bfc062723c751e8b465ee728b)  -> (artifact id: 'cbf7c8b4b1e0a87fdd2086e6b573ebb6') in 0.004445 seconds 
========================================================================
Received Import Request.
  Time since last request: 0.000053 seconds.
  path: Assets/TilesetExample_38.asset
  artifactKey: Guid(254c39bfe361b2843a9df69dbc5b91d7) Importer(815301076,1909f56bfc062723c751e8b465ee728b)
Start importing Assets/TilesetExample_38.asset using Guid(254c39bfe361b2843a9df69dbc5b91d7) Importer(815301076,1909f56bfc062723c751e8b465ee728b)  -> (artifact id: '73005b483c7decabad16e24443dd3f4f') in 0.004161 seconds 
========================================================================
Received Import Request.
  Time since last request: 0.000013 seconds.
  path: Assets/TilesetExample_31.asset
  artifactKey: Guid(8e4d2289d46db754ba9656cec7392414) Importer(815301076,1909f56bfc062723c751e8b465ee728b)
Start importing Assets/TilesetExample_31.asset using Guid(8e4d2289d46db754ba9656cec7392414) Importer(815301076,1909f56bfc062723c751e8b465ee728b)  -> (artifact id: '83d48dbf3d70e9b5972d8beb4c61a3aa') in 0.004494 seconds 
========================================================================
Received Import Request.
  Time since last request: 0.000013 seconds.
  path: Assets/TilesetExample_24.asset
  artifactKey: Guid(5e19dde44b1acc94e9117252080e10f5) Importer(815301076,1909f56bfc062723c751e8b465ee728b)
Start importing Assets/TilesetExample_24.asset using Guid(5e19dde44b1acc94e9117252080e10f5) Importer(815301076,1909f56bfc062723c751e8b465ee728b)  -> (artifact id: '238340eae3b577e129c8bfd73b7a901d') in 0.004985 seconds 
========================================================================
Received Import Request.
  Time since last request: 0.000013 seconds.
  path: Assets/TilesetExample_22.asset
  artifactKey: Guid(2d93796d87c83b545a4e9321bb4bea2a) Importer(815301076,1909f56bfc062723c751e8b465ee728b)
Start importing Assets/TilesetExample_22.asset using Guid(2d93796d87c83b545a4e9321bb4bea2a) Importer(815301076,1909f56bfc062723c751e8b465ee728b)  -> (artifact id: 'a9a68c5cd5dedb382380e932bbeee031') in 0.006005 seconds 
========================================================================
Received Import Request.
  Time since last request: 0.000016 seconds.
  path: Assets/TilesetExample_33.asset
  artifactKey: Guid(a4313d07f5b7e6b439d4ec58bde80122) Importer(815301076,1909f56bfc062723c751e8b465ee728b)
Start importing Assets/TilesetExample_33.asset using Guid(a4313d07f5b7e6b439d4ec58bde80122) Importer(815301076,1909f56bfc062723c751e8b465ee728b)  -> (artifact id: 'fee8ee0753753e494e9212b1b3eca477') in 0.004591 seconds 
========================================================================
Received Import Request.
  Time since last request: 0.000012 seconds.
  path: Assets/marker.png
  artifactKey: Guid(c6d711e27129c6149affc5a4a524d985) Importer(815301076,1909f56bfc062723c751e8b465ee728b)
Start importing Assets/marker.png using Guid(c6d711e27129c6149affc5a4a524d985) Importer(815301076,1909f56bfc062723c751e8b465ee728b)  -> (artifact id: '8309b03f85cc19e2134070792c1e903d') in 0.005396 seconds 
========================================================================
Received Import Request.
  Time since last request: 0.000017 seconds.
  path: Assets/TilesetExample_10.asset
  artifactKey: Guid(cf887d9204940da478405aa0ae755f64) Importer(815301076,1909f56bfc062723c751e8b465ee728b)
Start importing Assets/TilesetExample_10.asset using Guid(cf887d9204940da478405aa0ae755f64) Importer(815301076,1909f56bfc062723c751e8b465ee728b)  -> (artifact id: 'c59b61a670b4a4a61cea8a0ca9dd99f4') in 0.004847 seconds 
========================================================================
Received Import Request.
  Time since last request: 0.000017 seconds.
  path: Assets/TilesetExample_6.asset
  artifactKey: Guid(6c4dd5f785b412b4e82612ed4f9a132b) Importer(815301076,1909f56bfc062723c751e8b465ee728b)
Start importing Assets/TilesetExample_6.asset using Guid(6c4dd5f785b412b4e82612ed4f9a132b) Importer(815301076,1909f56bfc062723c751e8b465ee728b)  -> (artifact id: 'ac3fcc7bb4c7055aeae556526cef0afb') in 0.004548 seconds 
========================================================================
Received Import Request.
  Time since last request: 0.000016 seconds.
  path: Assets/TilesetExample_26.asset
  artifactKey: Guid(ae5a26bb8f14aa84e99cb43995f2f387) Importer(815301076,1909f56bfc062723c751e8b465ee728b)
Start importing Assets/TilesetExample_26.asset using Guid(ae5a26bb8f14aa84e99cb43995f2f387) Importer(815301076,1909f56bfc062723c751e8b465ee728b)  -> (artifact id: '70df7707adcde044af2c3684aa0db20e') in 0.004264 seconds 
========================================================================
Received Import Request.
  Time since last request: 0.000012 seconds.
  path: Assets/TilesetExample_8.asset
  artifactKey: Guid(81028e5bff357fe4aa89771122868da2) Importer(815301076,1909f56bfc062723c751e8b465ee728b)
Start importing Assets/TilesetExample_8.asset using Guid(81028e5bff357fe4aa89771122868da2) Importer(815301076,1909f56bfc062723c751e8b465ee728b)  -> (artifact id: 'eac4a53700df6cb9de0a3508e1de4e41') in 0.003943 seconds 
========================================================================
Received Import Request.
  Time since last request: 0.000016 seconds.
  path: Assets/TilesetExample_35.asset
  artifactKey: Guid(b2d8f3a46f3a6454bb53937a3964556a) Importer(815301076,1909f56bfc062723c751e8b465ee728b)
Start importing Assets/TilesetExample_35.asset using Guid(b2d8f3a46f3a6454bb53937a3964556a) Importer(815301076,1909f56bfc062723c751e8b465ee728b)  -> (artifact id: 'dd804eb4118ce2b6fb5ec2ace9efaf4c') in 0.004197 seconds 
========================================================================
Received Import Request.
  Time since last request: 0.000021 seconds.
  path: Assets/TilesetExample_37.asset
  artifactKey: Guid(9485e2bac76115a45bdde1958e609dc6) Importer(815301076,1909f56bfc062723c751e8b465ee728b)
Start importing Assets/TilesetExample_37.asset using Guid(9485e2bac76115a45bdde1958e609dc6) Importer(815301076,1909f56bfc062723c751e8b465ee728b)  -> (artifact id: '68986985e2183d697882544437c0645b') in 0.004530 seconds 
========================================================================
Received Import Request.
  Time since last request: 0.000015 seconds.
  path: Assets/TilesetExample_27.asset
  artifactKey: Guid(e990fd5dc43d44b4a98c5bb94d2dd4be) Importer(815301076,1909f56bfc062723c751e8b465ee728b)
Start importing Assets/TilesetExample_27.asset using Guid(e990fd5dc43d44b4a98c5bb94d2dd4be) Importer(815301076,1909f56bfc062723c751e8b465ee728b)  -> (artifact id: 'bcc196fa0d425316ad7b5968741bb8ea') in 0.004640 seconds 
Editor requested this worker to shutdown with reason: Scaling down because of idle timeout
AssetImportWorker is now disconnected from the server
Process exiting
Exiting without the bug reporter. Application will terminate with return code 0