Using pre-set license
Built from '2021.3/release' branch; Version is '2021.3.12f1 (8af3c3e441b1) revision 9106371'; Using compiler version '192829333'; Build Type 'Release'
OS: 'Windows 10  (10.0.19045) 64bit Professional' Language: 'en' Physical Memory: 8076 MB
BatchMode: 1, IsHumanControllingUs: 0, StartBugReporterOnCrash: 0, Is64bit: 1, IsPro: 1

COMMAND LINE ARGUMENTS:
C:\Program Files\Unity\Hub\Editor\2021.3.12f1\Editor\Unity.exe
-adb2
-batchMode
-noUpm
-name
AssetImportWorker6
-projectPath
C:/Unity/Roc/RoC
-logFile
Logs/AssetImportWorker6.log
-srvPort
65045
Successfully changed project path to: C:/Unity/Roc/RoC
C:/Unity/Roc/RoC
[UnityMemory] Configuration Parameters - Can be set up in boot.config
    "memorysetup-bucket-allocator-granularity=16"
    "memorysetup-bucket-allocator-bucket-count=8"
    "memorysetup-bucket-allocator-block-size=33554432"
    "memorysetup-bucket-allocator-block-count=8"
    "memorysetup-main-allocator-block-size=16777216"
    "memorysetup-thread-allocator-block-size=16777216"
    "memorysetup-gfx-main-allocator-block-size=16777216"
    "memorysetup-gfx-thread-allocator-block-size=16777216"
    "memorysetup-cache-allocator-block-size=4194304"
    "memorysetup-typetree-allocator-block-size=2097152"
    "memorysetup-profiler-bucket-allocator-granularity=16"
    "memorysetup-profiler-bucket-allocator-bucket-count=8"
    "memorysetup-profiler-bucket-allocator-block-size=33554432"
    "memorysetup-profiler-bucket-allocator-block-count=8"
    "memorysetup-profiler-allocator-block-size=16777216"
    "memorysetup-profiler-editor-allocator-block-size=1048576"
    "memorysetup-temp-allocator-size-main=16777216"
    "memorysetup-job-temp-allocator-block-size=2097152"
    "memorysetup-job-temp-allocator-block-size-background=1048576"
    "memorysetup-job-temp-allocator-reduction-small-platforms=262144"
    "memorysetup-temp-allocator-size-background-worker=32768"
    "memorysetup-temp-allocator-size-job-worker=262144"
    "memorysetup-temp-allocator-size-preload-manager=33554432"
    "memorysetup-temp-allocator-size-nav-mesh-worker=65536"
    "memorysetup-temp-allocator-size-audio-worker=65536"
    "memorysetup-temp-allocator-size-cloud-worker=32768"
    "memorysetup-temp-allocator-size-gi-baking-worker=262144"
    "memorysetup-temp-allocator-size-gfx=262144"
Refreshing native plugins compatible for Editor in 87.83 ms, found 4 plugins.
Preloading 0 native plugins for Editor in 0.00 ms.
Initialize engine version: 2021.3.12f1 (8af3c3e441b1)
[Subsystems] Discovering subsystems at path C:/Program Files/Unity/Hub/Editor/2021.3.12f1/Editor/Data/Resources/UnitySubsystems
[Subsystems] Discovering subsystems at path C:/Unity/Roc/RoC/Assets
GfxDevice: creating device client; threaded=0; jobified=0
Direct3D:
    Version:  Direct3D 11.0 [level 11.1]
    Renderer: NVIDIA GeForce GTX 1060 3GB (ID=0x1c02)
    Vendor:   NVIDIA
    VRAM:     2979 MB
    Driver:   31.0.15.2737
Initialize mono
Mono path[0] = 'C:/Program Files/Unity/Hub/Editor/2021.3.12f1/Editor/Data/Managed'
Mono path[1] = 'C:/Program Files/Unity/Hub/Editor/2021.3.12f1/Editor/Data/MonoBleedingEdge/lib/mono/unityjit-win32'
Mono config path = 'C:/Program Files/Unity/Hub/Editor/2021.3.12f1/Editor/Data/MonoBleedingEdge/etc'
Using monoOptions --debugger-agent=transport=dt_socket,embedding=1,server=y,suspend=n,address=127.0.0.1:56872
Begin MonoManager ReloadAssembly
Registering precompiled unity dll's ...
Register platform support module: C:/Program Files/Unity/Hub/Editor/2021.3.12f1/Editor/Data/PlaybackEngines/WebGLSupport/UnityEditor.WebGL.Extensions.dll
Register platform support module: C:/Program Files/Unity/Hub/Editor/2021.3.12f1/Editor/Data/PlaybackEngines/WindowsStandaloneSupport/UnityEditor.WindowsStandalone.Extensions.dll
Registered in 0.006275 seconds.
Native extension for WindowsStandalone target not found
Native extension for WebGL target not found
Refreshing native plugins compatible for Editor in 71.05 ms, found 4 plugins.
Preloading 0 native plugins for Editor in 0.00 ms.
Mono: successfully reloaded assembly
- Completed reload, in  0.485 seconds
Domain Reload Profiling:
	ReloadAssembly (485ms)
		BeginReloadAssembly (56ms)
			ExecutionOrderSort (0ms)
			DisableScriptedObjects (0ms)
			BackupInstance (0ms)
			ReleaseScriptingObjects (0ms)
			CreateAndSetChildDomain (1ms)
		EndReloadAssembly (348ms)
			LoadAssemblies (54ms)
			RebuildTransferFunctionScriptingTraits (0ms)
			SetupTypeCache (74ms)
			ReleaseScriptCaches (0ms)
			RebuildScriptCaches (19ms)
			SetupLoadedEditorAssemblies (216ms)
				LogAssemblyErrors (0ms)
				InitializePlatformSupportModulesInManaged (7ms)
				SetLoadedEditorAssemblies (0ms)
				RefreshPlugins (71ms)
				BeforeProcessingInitializeOnLoad (1ms)
				ProcessInitializeOnLoadAttributes (103ms)
				ProcessInitializeOnLoadMethodAttributes (33ms)
				AfterProcessingInitializeOnLoad (0ms)
				EditorAssembliesLoaded (0ms)
			ExecutionOrderSort2 (0ms)
			AwakeInstancesAfterBackupRestoration (0ms)
Platform modules already initialized, skipping
Registering precompiled user dll's ...
Registered in 0.006371 seconds.
Begin MonoManager ReloadAssembly
Native extension for WindowsStandalone target not found
Native extension for WebGL target not found
Refreshing native plugins compatible for Editor in 67.89 ms, found 4 plugins.
Preloading 0 native plugins for Editor in 0.00 ms.
Mono: successfully reloaded assembly
- Completed reload, in  0.840 seconds
Domain Reload Profiling:
	ReloadAssembly (840ms)
		BeginReloadAssembly (85ms)
			ExecutionOrderSort (0ms)
			DisableScriptedObjects (5ms)
			BackupInstance (0ms)
			ReleaseScriptingObjects (0ms)
			CreateAndSetChildDomain (15ms)
		EndReloadAssembly (670ms)
			LoadAssemblies (71ms)
			RebuildTransferFunctionScriptingTraits (0ms)
			SetupTypeCache (164ms)
			ReleaseScriptCaches (1ms)
			RebuildScriptCaches (38ms)
			SetupLoadedEditorAssemblies (363ms)
				LogAssemblyErrors (0ms)
				InitializePlatformSupportModulesInManaged (5ms)
				SetLoadedEditorAssemblies (0ms)
				RefreshPlugins (68ms)
				BeforeProcessingInitializeOnLoad (75ms)
				ProcessInitializeOnLoadAttributes (175ms)
				ProcessInitializeOnLoadMethodAttributes (34ms)
				AfterProcessingInitializeOnLoad (7ms)
				EditorAssembliesLoaded (0ms)
			ExecutionOrderSort2 (0ms)
			AwakeInstancesAfterBackupRestoration (4ms)
Platform modules already initialized, skipping
========================================================================
Worker process is ready to serve import requests
Launched and connected shader compiler UnityShaderCompiler.exe after 0.03 seconds
Refreshing native plugins compatible for Editor in 0.75 ms, found 4 plugins.
Preloading 0 native plugins for Editor in 0.00 ms.
Unloading 4097 Unused Serialized files (Serialized files now loaded: 0)
Unloading 38 unused Assets / (56.8 KB). Loaded Objects now: 4553.
Memory consumption went from 154.0 MB to 154.0 MB.
Total: 2.600500 ms (FindLiveObjects: 0.209300 ms CreateObjectMapping: 0.092400 ms MarkObjects: 2.238500 ms  DeleteObjects: 0.059700 ms)

AssetImportParameters requested are different than current active one (requested -> active):
  custom:video-decoder-ogg-theora: a1e56fd34408186e4bbccfd4996cb3dc -> 
  custom:container-muxer-webm: aa71ff27fc2769a1b78a27578f13a17b -> 
  custom:container-demuxer-webm: 4f35f7cbe854078d1ac9338744f61a02 -> 
  custom:video-encoder-webm-vp8: eb34c28f22e8b96e1ab97ce403110664 -> 
  custom:audio-encoder-webm-vorbis: bf7c407c2cedff20999df2af8eb42d56 -> 
  custom:framework-win-MediaFoundation: 216162199b28c13a410421893ffa2e32 -> 
  custom:container-demuxer-ogg: 62fdf1f143b41e24485cea50d1cbac27 -> 
  custom:video-decoder-webm-vp8: 9c59270c3fd7afecdb556c50c9e8de78 -> 
  custom:audio-decoder-ogg-vorbis: bf7c407c2cedff20999df2af8eb42d56 -> 
========================================================================
Received Import Request.
  Time since last request: 163630.131881 seconds.
  path: Assets/Sprites/pallets/toto/New Palette.prefab
  artifactKey: Guid(559d04b346bd45e4f8969234f1e0a833) Importer(815301076,1909f56bfc062723c751e8b465ee728b)
Start importing Assets/Sprites/pallets/toto/New Palette.prefab using Guid(559d04b346bd45e4f8969234f1e0a833) Importer(815301076,1909f56bfc062723c751e8b465ee728b)  -> (artifact id: 'da38b4263976fc057f0cd2192a73c65d') in 0.123231 seconds 
========================================================================
Received Import Request.
  Time since last request: 20.775021 seconds.
  path: Assets/Sprites/pallets/plot/New Palette.prefab
  artifactKey: Guid(3e2eee1ba43d5e543a49ae554ee20705) Importer(815301076,1909f56bfc062723c751e8b465ee728b)
Start importing Assets/Sprites/pallets/plot/New Palette.prefab using Guid(3e2eee1ba43d5e543a49ae554ee20705) Importer(815301076,1909f56bfc062723c751e8b465ee728b)  -> (artifact id: '1a18176572a4d9807554d2a2147d1c11') in 0.020548 seconds 
========================================================================
Received Import Request.
  Time since last request: 18.341936 seconds.
  path: Assets/Sprites/pallets/dirt/8246060_orig_140.asset
  artifactKey: Guid(2d4061d4ac63b2e4a8c8655da5ef64f0) Importer(815301076,1909f56bfc062723c751e8b465ee728b)
Start importing Assets/Sprites/pallets/dirt/8246060_orig_140.asset using Guid(2d4061d4ac63b2e4a8c8655da5ef64f0) Importer(815301076,1909f56bfc062723c751e8b465ee728b)  -> (artifact id: '8f903a4aa22f5728b8700df1369e7395') in 0.013941 seconds 
========================================================================
Received Import Request.
  Time since last request: 0.000023 seconds.
  path: Assets/Sprites/pallets/dirt/8246060_orig_177.asset
  artifactKey: Guid(4781d768978f54a49813e0fa4ba388a5) Importer(815301076,1909f56bfc062723c751e8b465ee728b)
Start importing Assets/Sprites/pallets/dirt/8246060_orig_177.asset using Guid(4781d768978f54a49813e0fa4ba388a5) Importer(815301076,1909f56bfc062723c751e8b465ee728b)  -> (artifact id: '9624fc4b230597edaf49a1b097acd84b') in 0.008903 seconds 
========================================================================
Received Import Request.
  Time since last request: 0.000021 seconds.
  path: Assets/Sprites/pallets/dirt/8246060_orig_146.asset
  artifactKey: Guid(2ea6b1a4310206f44ae105e939eb3bf0) Importer(815301076,1909f56bfc062723c751e8b465ee728b)
Start importing Assets/Sprites/pallets/dirt/8246060_orig_146.asset using Guid(2ea6b1a4310206f44ae105e939eb3bf0) Importer(815301076,1909f56bfc062723c751e8b465ee728b)  -> (artifact id: '4feb243d39af556910edf5f196c705a4') in 0.006563 seconds 
========================================================================
Received Import Request.
  Time since last request: 0.000025 seconds.
  path: Assets/Sprites/pallets/dirt/8246060_orig_181.asset
  artifactKey: Guid(1c6652c4dcd1db54795d00b95e76bccd) Importer(815301076,1909f56bfc062723c751e8b465ee728b)
Start importing Assets/Sprites/pallets/dirt/8246060_orig_181.asset using Guid(1c6652c4dcd1db54795d00b95e76bccd) Importer(815301076,1909f56bfc062723c751e8b465ee728b)  -> (artifact id: '2ba52d53388e4f345fc6b8a0903a54bb') in 0.006315 seconds 
========================================================================
Received Import Request.
  Time since last request: 0.000022 seconds.
  path: Assets/Sprites/pallets/dirt/8246060_orig_182.asset
  artifactKey: Guid(79547d91ec426e244ba9606a272bce58) Importer(815301076,1909f56bfc062723c751e8b465ee728b)
Start importing Assets/Sprites/pallets/dirt/8246060_orig_182.asset using Guid(79547d91ec426e244ba9606a272bce58) Importer(815301076,1909f56bfc062723c751e8b465ee728b)  -> (artifact id: 'e58cdafe104b288eea2f99415761bc13') in 0.006247 seconds 
========================================================================
Received Import Request.
  Time since last request: 0.000021 seconds.
  path: Assets/Sprites/pallets/dirt/8246060_orig_192.asset
  artifactKey: Guid(39a847da98406164d8bdebb8d40871cb) Importer(815301076,1909f56bfc062723c751e8b465ee728b)
Start importing Assets/Sprites/pallets/dirt/8246060_orig_192.asset using Guid(39a847da98406164d8bdebb8d40871cb) Importer(815301076,1909f56bfc062723c751e8b465ee728b)  -> (artifact id: '825f1108b748bf03859685c0cae56eda') in 0.007005 seconds 
========================================================================
Received Import Request.
  Time since last request: 0.000017 seconds.
  path: Assets/Sprites/pallets/dirt/8246060_orig_195.asset
  artifactKey: Guid(6aa63c3505507fa49a18c61d269a90da) Importer(815301076,1909f56bfc062723c751e8b465ee728b)
Start importing Assets/Sprites/pallets/dirt/8246060_orig_195.asset using Guid(6aa63c3505507fa49a18c61d269a90da) Importer(815301076,1909f56bfc062723c751e8b465ee728b)  -> (artifact id: '38b4d7aea964c490e39c248ea95b73cf') in 0.005143 seconds 
========================================================================
Received Import Request.
  Time since last request: 0.000019 seconds.
  path: Assets/Sprites/pallets/dirt/8246060_orig_191.asset
  artifactKey: Guid(0fc657ad992471744891f5b4b7bda5e4) Importer(815301076,1909f56bfc062723c751e8b465ee728b)
Start importing Assets/Sprites/pallets/dirt/8246060_orig_191.asset using Guid(0fc657ad992471744891f5b4b7bda5e4) Importer(815301076,1909f56bfc062723c751e8b465ee728b)  -> (artifact id: 'a229701a23dab6306a52fdfcc027f052') in 0.007541 seconds 
========================================================================
Received Import Request.
  Time since last request: 0.000017 seconds.
  path: Assets/Sprites/pallets/dirt/8246060_orig_153.asset
  artifactKey: Guid(79baf22571623dc42a0f5e281a311a51) Importer(815301076,1909f56bfc062723c751e8b465ee728b)
Start importing Assets/Sprites/pallets/dirt/8246060_orig_153.asset using Guid(79baf22571623dc42a0f5e281a311a51) Importer(815301076,1909f56bfc062723c751e8b465ee728b)  -> (artifact id: '75198819f91622caeb28e0d64647cc62') in 0.006252 seconds 
========================================================================
Received Import Request.
  Time since last request: 0.000019 seconds.
  path: Assets/Sprites/pallets/dirt/8246060_orig_157.asset
  artifactKey: Guid(1feecdda37887614f96c415e762fcd59) Importer(815301076,1909f56bfc062723c751e8b465ee728b)
Start importing Assets/Sprites/pallets/dirt/8246060_orig_157.asset using Guid(1feecdda37887614f96c415e762fcd59) Importer(815301076,1909f56bfc062723c751e8b465ee728b)  -> (artifact id: 'f1032d5ef89bb65624053fe307995d90') in 0.007082 seconds 
========================================================================
Received Import Request.
  Time since last request: 0.000016 seconds.
  path: Assets/Sprites/pallets/dirt/8246060_orig_173.asset
  artifactKey: Guid(2b5cd038c15e7af4c9d0e93dbcd14799) Importer(815301076,1909f56bfc062723c751e8b465ee728b)
Start importing Assets/Sprites/pallets/dirt/8246060_orig_173.asset using Guid(2b5cd038c15e7af4c9d0e93dbcd14799) Importer(815301076,1909f56bfc062723c751e8b465ee728b)  -> (artifact id: 'ec3ef68793cf76ba03ee56f821501b46') in 0.005982 seconds 
========================================================================
Received Import Request.
  Time since last request: 0.000017 seconds.
  path: Assets/Sprites/pallets/dirt/8246060_orig_147.asset
  artifactKey: Guid(25a4a16851d14454d8876d7aeaaab9dc) Importer(815301076,1909f56bfc062723c751e8b465ee728b)
Start importing Assets/Sprites/pallets/dirt/8246060_orig_147.asset using Guid(25a4a16851d14454d8876d7aeaaab9dc) Importer(815301076,1909f56bfc062723c751e8b465ee728b)  -> (artifact id: '7e02b3d36184fa85c12f5b652cd68275') in 0.006234 seconds 
========================================================================
Received Import Request.
  Time since last request: 0.000018 seconds.
  path: Assets/Sprites/pallets/dirt/8246060_orig_171.asset
  artifactKey: Guid(db861c03116ccc64caecd537c55edcce) Importer(815301076,1909f56bfc062723c751e8b465ee728b)
Start importing Assets/Sprites/pallets/dirt/8246060_orig_171.asset using Guid(db861c03116ccc64caecd537c55edcce) Importer(815301076,1909f56bfc062723c751e8b465ee728b)  -> (artifact id: '890692ae09d9304257633d9f10fd069c') in 0.006884 seconds 
========================================================================
Received Import Request.
  Time since last request: 0.000018 seconds.
  path: Assets/Sprites/pallets/dirt/8246060_orig_178.asset
  artifactKey: Guid(ab1839f20e7ca4b4a87ec4d47269a982) Importer(815301076,1909f56bfc062723c751e8b465ee728b)
Start importing Assets/Sprites/pallets/dirt/8246060_orig_178.asset using Guid(ab1839f20e7ca4b4a87ec4d47269a982) Importer(815301076,1909f56bfc062723c751e8b465ee728b)  -> (artifact id: 'd559766bcbd6430f8d913cf6ca54f1c5') in 0.006916 seconds 
========================================================================
Received Import Request.
  Time since last request: 0.000018 seconds.
  path: Assets/Sprites/pallets/dirt/8246060_orig_154.asset
  artifactKey: Guid(67ef44e959a64794eb2e8e11e99ecf2a) Importer(815301076,1909f56bfc062723c751e8b465ee728b)
Start importing Assets/Sprites/pallets/dirt/8246060_orig_154.asset using Guid(67ef44e959a64794eb2e8e11e99ecf2a) Importer(815301076,1909f56bfc062723c751e8b465ee728b)  -> (artifact id: '309342a6c82cf6e8668c0c37ccc5b923') in 0.006406 seconds 
========================================================================
Received Import Request.
  Time since last request: 0.000030 seconds.
  path: Assets/Sprites/pallets/dirt/8246060_orig_150.asset
  artifactKey: Guid(56afff9baa94a8647bcf0fcb8d899942) Importer(815301076,1909f56bfc062723c751e8b465ee728b)
Start importing Assets/Sprites/pallets/dirt/8246060_orig_150.asset using Guid(56afff9baa94a8647bcf0fcb8d899942) Importer(815301076,1909f56bfc062723c751e8b465ee728b)  -> (artifact id: 'dca60372874593d8b465bd4ac46fa6d0') in 0.006395 seconds 
========================================================================
Received Import Request.
  Time since last request: 0.000016 seconds.
  path: Assets/Sprites/pallets/dirt/8246060_orig_188.asset
  artifactKey: Guid(aa79e52a14605494c918ce12567111fa) Importer(815301076,1909f56bfc062723c751e8b465ee728b)
Start importing Assets/Sprites/pallets/dirt/8246060_orig_188.asset using Guid(aa79e52a14605494c918ce12567111fa) Importer(815301076,1909f56bfc062723c751e8b465ee728b)  -> (artifact id: 'b9fb9f112196b12feb074086afe40582') in 0.007682 seconds 
========================================================================
Received Import Request.
  Time since last request: 0.000017 seconds.
  path: Assets/Sprites/pallets/dirt/8246060_orig_165.asset
  artifactKey: Guid(11cc89a6a2d839a4895f2723b1d4f1a4) Importer(815301076,1909f56bfc062723c751e8b465ee728b)
Start importing Assets/Sprites/pallets/dirt/8246060_orig_165.asset using Guid(11cc89a6a2d839a4895f2723b1d4f1a4) Importer(815301076,1909f56bfc062723c751e8b465ee728b)  -> (artifact id: '2d19a73b7ca28b4075e4458dfd8ce06c') in 0.004769 seconds 
========================================================================
Received Import Request.
  Time since last request: 5.097304 seconds.
  path: Assets/Sprites/pallets/dirt/8246060_orig_197.asset
  artifactKey: Guid(3f0e7b917e5c55e4fab7450d67aaf3b5) Importer(815301076,1909f56bfc062723c751e8b465ee728b)
Start importing Assets/Sprites/pallets/dirt/8246060_orig_197.asset using Guid(3f0e7b917e5c55e4fab7450d67aaf3b5) Importer(815301076,1909f56bfc062723c751e8b465ee728b)  -> (artifact id: 'a6543a811035d5a87d246d7edc08bfbe') in 0.008202 seconds 
========================================================================
Received Import Request.
  Time since last request: 0.000017 seconds.
  path: Assets/Sprites/pallets/dirt/8246060_orig_203.asset
  artifactKey: Guid(1a1a992ea0531e24197fb42f99033445) Importer(815301076,1909f56bfc062723c751e8b465ee728b)
Start importing Assets/Sprites/pallets/dirt/8246060_orig_203.asset using Guid(1a1a992ea0531e24197fb42f99033445) Importer(815301076,1909f56bfc062723c751e8b465ee728b)  -> (artifact id: '031ae1ff34a235d9799a9145fad52eed') in 0.008787 seconds 
========================================================================
Received Import Request.
  Time since last request: 0.000017 seconds.
  path: Assets/Sprites/pallets/dirt/8246060_orig_202.asset
  artifactKey: Guid(6dfbff3ad0902de48b546a9fb8523e11) Importer(815301076,1909f56bfc062723c751e8b465ee728b)
Start importing Assets/Sprites/pallets/dirt/8246060_orig_202.asset using Guid(6dfbff3ad0902de48b546a9fb8523e11) Importer(815301076,1909f56bfc062723c751e8b465ee728b)  -> (artifact id: '7728a2e06f174ad0978311f7441cff73') in 0.006722 seconds 
========================================================================
Received Import Request.
  Time since last request: 0.000016 seconds.
  path: Assets/Sprites/pallets/dirt/8246060_orig_209.asset
  artifactKey: Guid(ca266d53528f1a440b4dcc5645857d23) Importer(815301076,1909f56bfc062723c751e8b465ee728b)
Start importing Assets/Sprites/pallets/dirt/8246060_orig_209.asset using Guid(ca266d53528f1a440b4dcc5645857d23) Importer(815301076,1909f56bfc062723c751e8b465ee728b)  -> (artifact id: 'ec349fe60b958266115029ebd58f7ead') in 0.007808 seconds 
========================================================================
Received Import Request.
  Time since last request: 0.000025 seconds.
  path: Assets/Sprites/pallets/dirt/8246060_orig_201.asset
  artifactKey: Guid(c92f5a57a2f9db045add6ba99a893a9b) Importer(815301076,1909f56bfc062723c751e8b465ee728b)
Start importing Assets/Sprites/pallets/dirt/8246060_orig_201.asset using Guid(c92f5a57a2f9db045add6ba99a893a9b) Importer(815301076,1909f56bfc062723c751e8b465ee728b)  -> (artifact id: '3a17a9dc4f3e0951ca7ba401afe409ab') in 0.006049 seconds 
========================================================================
Received Import Request.
  Time since last request: 0.461433 seconds.
  path: Assets/Sprites/pallets/dirt/8246060_orig_211.asset
  artifactKey: Guid(031d7c16112806d428d15f226d050f32) Importer(815301076,1909f56bfc062723c751e8b465ee728b)
Start importing Assets/Sprites/pallets/dirt/8246060_orig_211.asset using Guid(031d7c16112806d428d15f226d050f32) Importer(815301076,1909f56bfc062723c751e8b465ee728b)  -> (artifact id: 'ee572884302d8e1e38ec2347c2b9d7fb') in 0.008234 seconds 
========================================================================
Received Import Request.
  Time since last request: 0.000028 seconds.
  path: Assets/Sprites/pallets/dirt/8246060_orig_223.asset
  artifactKey: Guid(cf97273f4a5638140a02b713896badac) Importer(815301076,1909f56bfc062723c751e8b465ee728b)
Start importing Assets/Sprites/pallets/dirt/8246060_orig_223.asset using Guid(cf97273f4a5638140a02b713896badac) Importer(815301076,1909f56bfc062723c751e8b465ee728b)  -> (artifact id: 'cce57474ebfb334e45f1219cbc328fa3') in 0.006737 seconds 
========================================================================
Received Import Request.
  Time since last request: 0.000014 seconds.
  path: Assets/Sprites/pallets/dirt/8246060_orig_221.asset
  artifactKey: Guid(156be32cfe323af43a5f28b747dd61a8) Importer(815301076,1909f56bfc062723c751e8b465ee728b)
Start importing Assets/Sprites/pallets/dirt/8246060_orig_221.asset using Guid(156be32cfe323af43a5f28b747dd61a8) Importer(815301076,1909f56bfc062723c751e8b465ee728b)  -> (artifact id: '4307f9fe7200353a629309128593e51e') in 0.012860 seconds 
========================================================================
Received Import Request.
  Time since last request: 0.000015 seconds.
  path: Assets/Sprites/pallets/dirt/8246060_orig_220.asset
  artifactKey: Guid(8e798d48cca2a954e808f4ebdf69ed66) Importer(815301076,1909f56bfc062723c751e8b465ee728b)
Start importing Assets/Sprites/pallets/dirt/8246060_orig_220.asset using Guid(8e798d48cca2a954e808f4ebdf69ed66) Importer(815301076,1909f56bfc062723c751e8b465ee728b)  -> (artifact id: '2e1f4d0520846fd2e35480b36c14bb1b') in 0.010654 seconds 
========================================================================
Received Import Request.
  Time since last request: 0.000016 seconds.
  path: Assets/Sprites/pallets/dirt/8246060_orig_225.asset
  artifactKey: Guid(1cf86ba2d7fb7c74c891e8bbe175d626) Importer(815301076,1909f56bfc062723c751e8b465ee728b)
Start importing Assets/Sprites/pallets/dirt/8246060_orig_225.asset using Guid(1cf86ba2d7fb7c74c891e8bbe175d626) Importer(815301076,1909f56bfc062723c751e8b465ee728b)  -> (artifact id: '21991d910d5d5711bc065199ad8ec13e') in 0.006701 seconds 
========================================================================
Received Import Request.
  Time since last request: 0.000020 seconds.
  path: Assets/Sprites/pallets/dirt/8246060_orig_233.asset
  artifactKey: Guid(98c60c302f7741f45bcd61877610c14e) Importer(815301076,1909f56bfc062723c751e8b465ee728b)
Start importing Assets/Sprites/pallets/dirt/8246060_orig_233.asset using Guid(98c60c302f7741f45bcd61877610c14e) Importer(815301076,1909f56bfc062723c751e8b465ee728b)  -> (artifact id: 'f1bf04a86f4d2fa19c8bc25a75e53352') in 0.007910 seconds 
========================================================================
Received Import Request.
  Time since last request: 0.000019 seconds.
  path: Assets/Sprites/pallets/dirt/8246060_orig_229.asset
  artifactKey: Guid(c9e2640d97f74bc45a4df284df1470e1) Importer(815301076,1909f56bfc062723c751e8b465ee728b)
Start importing Assets/Sprites/pallets/dirt/8246060_orig_229.asset using Guid(c9e2640d97f74bc45a4df284df1470e1) Importer(815301076,1909f56bfc062723c751e8b465ee728b)  -> (artifact id: 'd7ea6139992c2eafa12aa1ddea2623f4') in 0.007983 seconds 
========================================================================
Received Import Request.
  Time since last request: 0.000018 seconds.
  path: Assets/Sprites/pallets/dirt/8246060_orig_243.asset
  artifactKey: Guid(114a661a606c1e9489e59c0b34af57e2) Importer(815301076,1909f56bfc062723c751e8b465ee728b)
Start importing Assets/Sprites/pallets/dirt/8246060_orig_243.asset using Guid(114a661a606c1e9489e59c0b34af57e2) Importer(815301076,1909f56bfc062723c751e8b465ee728b)  -> (artifact id: '4b86e01f6a0eb038638c837fce971d05') in 0.012528 seconds 
========================================================================
Received Import Request.
  Time since last request: 0.000017 seconds.
  path: Assets/Sprites/pallets/dirt/8246060_orig_239.asset
  artifactKey: Guid(35493d49e7981bd4ba8d5f4adf52a970) Importer(815301076,1909f56bfc062723c751e8b465ee728b)
Start importing Assets/Sprites/pallets/dirt/8246060_orig_239.asset using Guid(35493d49e7981bd4ba8d5f4adf52a970) Importer(815301076,1909f56bfc062723c751e8b465ee728b)  -> (artifact id: 'd84d26fcf14af6daa1ce5ef46d774859') in 0.010369 seconds 
========================================================================
Received Import Request.
  Time since last request: 0.000016 seconds.
  path: Assets/Sprites/pallets/dirt/8246060_orig_245.asset
  artifactKey: Guid(2521d75376b1b60419703531cc6fad8b) Importer(815301076,1909f56bfc062723c751e8b465ee728b)
Start importing Assets/Sprites/pallets/dirt/8246060_orig_245.asset using Guid(2521d75376b1b60419703531cc6fad8b) Importer(815301076,1909f56bfc062723c751e8b465ee728b)  -> (artifact id: 'f567af1ac2010073053994f80d8037c4') in 0.006234 seconds 
========================================================================
Received Import Request.
  Time since last request: 0.000018 seconds.
  path: Assets/Sprites/pallets/dirt/8246060_orig_244.asset
  artifactKey: Guid(77e8a9524901367479f8a15567f17bc8) Importer(815301076,1909f56bfc062723c751e8b465ee728b)
Start importing Assets/Sprites/pallets/dirt/8246060_orig_244.asset using Guid(77e8a9524901367479f8a15567f17bc8) Importer(815301076,1909f56bfc062723c751e8b465ee728b)  -> (artifact id: '42a11f4f57efb0f93479e325acac56ab') in 0.005775 seconds 
========================================================================
Received Import Request.
  Time since last request: 0.000017 seconds.
  path: Assets/Sprites/pallets/dirt/8246060_orig_230.asset
  artifactKey: Guid(32b11c0cc596e004197f2316bbe2efa9) Importer(815301076,1909f56bfc062723c751e8b465ee728b)
Start importing Assets/Sprites/pallets/dirt/8246060_orig_230.asset using Guid(32b11c0cc596e004197f2316bbe2efa9) Importer(815301076,1909f56bfc062723c751e8b465ee728b)  -> (artifact id: '7613c24e767fd91bf2227339a0189ee5') in 0.011489 seconds 
========================================================================
Received Import Request.
  Time since last request: 0.000025 seconds.
  path: Assets/Sprites/pallets/dirt/8246060_orig_227.asset
  artifactKey: Guid(fceeb30a419d6e448bb4a537f05f3521) Importer(815301076,1909f56bfc062723c751e8b465ee728b)
Start importing Assets/Sprites/pallets/dirt/8246060_orig_227.asset using Guid(fceeb30a419d6e448bb4a537f05f3521) Importer(815301076,1909f56bfc062723c751e8b465ee728b)  -> (artifact id: '519c4af0967bf29c7949d08a2d413715') in 0.007077 seconds 
========================================================================
Received Import Request.
  Time since last request: 0.000017 seconds.
  path: Assets/Sprites/pallets/dirt/8246060_orig_242.asset
  artifactKey: Guid(5864bc50bb59a6f46949bfd00a628901) Importer(815301076,1909f56bfc062723c751e8b465ee728b)
Start importing Assets/Sprites/pallets/dirt/8246060_orig_242.asset using Guid(5864bc50bb59a6f46949bfd00a628901) Importer(815301076,1909f56bfc062723c751e8b465ee728b)  -> (artifact id: '2df765d3f3365917ac038597d734f852') in 0.005550 seconds 
========================================================================
Received Import Request.
  Time since last request: 12.820838 seconds.
  path: Assets/Sprites/pallets/dirt/8246060_orig_253.asset
  artifactKey: Guid(00f5ae6cfcd04704289550c303ef8c0f) Importer(815301076,1909f56bfc062723c751e8b465ee728b)
Start importing Assets/Sprites/pallets/dirt/8246060_orig_253.asset using Guid(00f5ae6cfcd04704289550c303ef8c0f) Importer(815301076,1909f56bfc062723c751e8b465ee728b)  -> (artifact id: '05c449c512832a2b79ad4c036e580ba2') in 0.008343 seconds 
========================================================================
Received Import Request.
  Time since last request: 0.000018 seconds.
  path: Assets/Sprites/pallets/dirt/8246060_orig_266.asset
  artifactKey: Guid(01d894ceece1e2b4c86f2f4116c8a9cf) Importer(815301076,1909f56bfc062723c751e8b465ee728b)
Start importing Assets/Sprites/pallets/dirt/8246060_orig_266.asset using Guid(01d894ceece1e2b4c86f2f4116c8a9cf) Importer(815301076,1909f56bfc062723c751e8b465ee728b)  -> (artifact id: '1e1fdbda8df8807d87c36e430e5dc9f3') in 0.008510 seconds 
========================================================================
Received Import Request.
  Time since last request: 0.000019 seconds.
  path: Assets/Sprites/pallets/dirt/8246060_orig_259.asset
  artifactKey: Guid(fe121ef0165aac94e94cd05cfd897fea) Importer(815301076,1909f56bfc062723c751e8b465ee728b)
Start importing Assets/Sprites/pallets/dirt/8246060_orig_259.asset using Guid(fe121ef0165aac94e94cd05cfd897fea) Importer(815301076,1909f56bfc062723c751e8b465ee728b)  -> (artifact id: '30fffb237060756cb59e8bea84971d08') in 0.010191 seconds 
========================================================================
Received Import Request.
  Time since last request: 0.000028 seconds.
  path: Assets/Sprites/pallets/dirt/8246060_orig_264.asset
  artifactKey: Guid(056506acfba5d61498d07ec34979ce4f) Importer(815301076,1909f56bfc062723c751e8b465ee728b)
Start importing Assets/Sprites/pallets/dirt/8246060_orig_264.asset using Guid(056506acfba5d61498d07ec34979ce4f) Importer(815301076,1909f56bfc062723c751e8b465ee728b)  -> (artifact id: '2e26464179f88ebd6e77b946e1867dee') in 0.010953 seconds 
========================================================================
Received Import Request.
  Time since last request: 0.000019 seconds.
  path: Assets/Sprites/pallets/dirt/8246060_orig_257.asset
  artifactKey: Guid(ccd9687ecc7baef4b917209339205224) Importer(815301076,1909f56bfc062723c751e8b465ee728b)
Start importing Assets/Sprites/pallets/dirt/8246060_orig_257.asset using Guid(ccd9687ecc7baef4b917209339205224) Importer(815301076,1909f56bfc062723c751e8b465ee728b)  -> (artifact id: 'b25b5d24b03ceea6fcac90f097a743d7') in 0.009813 seconds 
========================================================================
Received Import Request.
  Time since last request: 0.443492 seconds.
  path: Assets/Sprites/pallets/dirt/8246060_orig_267.asset
  artifactKey: Guid(e3173752f2f57c242a4baa6878c1e07d) Importer(815301076,1909f56bfc062723c751e8b465ee728b)
Start importing Assets/Sprites/pallets/dirt/8246060_orig_267.asset using Guid(e3173752f2f57c242a4baa6878c1e07d) Importer(815301076,1909f56bfc062723c751e8b465ee728b)  -> (artifact id: '658257eb80f4249290ba31d56c0a16d2') in 0.006185 seconds 
========================================================================
Received Import Request.
  Time since last request: 0.000013 seconds.
  path: Assets/Sprites/pallets/dirt/8246060_orig_274.asset
  artifactKey: Guid(9819e4a99d152114095350472885ed23) Importer(815301076,1909f56bfc062723c751e8b465ee728b)
Start importing Assets/Sprites/pallets/dirt/8246060_orig_274.asset using Guid(9819e4a99d152114095350472885ed23) Importer(815301076,1909f56bfc062723c751e8b465ee728b)  -> (artifact id: 'fd50b59c650aa0d87307ac2f7baff637') in 0.006452 seconds 
========================================================================
Received Import Request.
  Time since last request: 0.000022 seconds.
  path: Assets/Sprites/pallets/dirt/8246060_orig_278.asset
  artifactKey: Guid(985d6bb83897d214ebd3ffe7bc0e8a33) Importer(815301076,1909f56bfc062723c751e8b465ee728b)
Start importing Assets/Sprites/pallets/dirt/8246060_orig_278.asset using Guid(985d6bb83897d214ebd3ffe7bc0e8a33) Importer(815301076,1909f56bfc062723c751e8b465ee728b)  -> (artifact id: '391b810b52a086ec4d2f7b3e2bf4bc40') in 0.011343 seconds 
========================================================================
Received Import Request.
  Time since last request: 0.000015 seconds.
  path: Assets/Sprites/pallets/dirt/8246060_orig_270.asset
  artifactKey: Guid(9bda3b1561a9ea04e991f7240f0bb103) Importer(815301076,1909f56bfc062723c751e8b465ee728b)
Start importing Assets/Sprites/pallets/dirt/8246060_orig_270.asset using Guid(9bda3b1561a9ea04e991f7240f0bb103) Importer(815301076,1909f56bfc062723c751e8b465ee728b)  -> (artifact id: '83f70c5ae830034208a9b2eda353af54') in 0.009409 seconds 
========================================================================
Received Import Request.
  Time since last request: 0.000017 seconds.
  path: Assets/Sprites/pallets/dirt/8246060_orig_280.asset
  artifactKey: Guid(9c2abc4da06702d41b9079ee21d6a34e) Importer(815301076,1909f56bfc062723c751e8b465ee728b)
Start importing Assets/Sprites/pallets/dirt/8246060_orig_280.asset using Guid(9c2abc4da06702d41b9079ee21d6a34e) Importer(815301076,1909f56bfc062723c751e8b465ee728b)  -> (artifact id: '5afd1e925655dd4746802a4b249e07f3') in 0.006647 seconds 
========================================================================
Received Import Request.
  Time since last request: 0.000372 seconds.
  path: Assets/Sprites/pallets/dirt/8246060_orig_281.asset
  artifactKey: Guid(c3e15a0e7a4bb8f429b758f85abcf3a1) Importer(815301076,1909f56bfc062723c751e8b465ee728b)
Start importing Assets/Sprites/pallets/dirt/8246060_orig_281.asset using Guid(c3e15a0e7a4bb8f429b758f85abcf3a1) Importer(815301076,1909f56bfc062723c751e8b465ee728b)  -> (artifact id: '64298fa97c29d2e43f3139e694b1050a') in 0.005962 seconds 
========================================================================
Received Import Request.
  Time since last request: 0.000018 seconds.
  path: Assets/Sprites/pallets/dirt/8246060_orig_287.asset
  artifactKey: Guid(29242acb813cf894f93f23a3894f1506) Importer(815301076,1909f56bfc062723c751e8b465ee728b)
Start importing Assets/Sprites/pallets/dirt/8246060_orig_287.asset using Guid(29242acb813cf894f93f23a3894f1506) Importer(815301076,1909f56bfc062723c751e8b465ee728b)  -> (artifact id: 'fde4fde632ca69d2f4c6b3eb12c5439e') in 0.005651 seconds 
========================================================================
Received Import Request.
  Time since last request: 0.000019 seconds.
  path: Assets/Sprites/pallets/dirt/8246060_orig_293.asset
  artifactKey: Guid(039ebd5e94b923b41b7950cafaffc0bb) Importer(815301076,1909f56bfc062723c751e8b465ee728b)
Start importing Assets/Sprites/pallets/dirt/8246060_orig_293.asset using Guid(039ebd5e94b923b41b7950cafaffc0bb) Importer(815301076,1909f56bfc062723c751e8b465ee728b)  -> (artifact id: '90da552586b3d14009b4bda04d836fa7') in 0.007096 seconds 
========================================================================
Received Import Request.
  Time since last request: 0.000016 seconds.
  path: Assets/Sprites/pallets/dirt/8246060_orig_283.asset
  artifactKey: Guid(2376edee0eb808e4489efbfe7df5de8e) Importer(815301076,1909f56bfc062723c751e8b465ee728b)
Start importing Assets/Sprites/pallets/dirt/8246060_orig_283.asset using Guid(2376edee0eb808e4489efbfe7df5de8e) Importer(815301076,1909f56bfc062723c751e8b465ee728b)  -> (artifact id: '110c6b76673a537744398e3031877ace') in 0.015761 seconds 
========================================================================
Received Import Request.
  Time since last request: 0.000023 seconds.
  path: Assets/Sprites/pallets/dirt/8246060_orig_294.asset
  artifactKey: Guid(fa5529f3fe7b69049bd24867309080fb) Importer(815301076,1909f56bfc062723c751e8b465ee728b)
Start importing Assets/Sprites/pallets/dirt/8246060_orig_294.asset using Guid(fa5529f3fe7b69049bd24867309080fb) Importer(815301076,1909f56bfc062723c751e8b465ee728b)  -> (artifact id: '074f047f140bafab32bd0ddda057e11d') in 0.012225 seconds 
========================================================================
Received Import Request.
  Time since last request: 0.000016 seconds.
  path: Assets/Sprites/pallets/dirt/8246060_orig_306.asset
  artifactKey: Guid(a81dc9a98ac5d494f88563eb5fa818a9) Importer(815301076,1909f56bfc062723c751e8b465ee728b)
Start importing Assets/Sprites/pallets/dirt/8246060_orig_306.asset using Guid(a81dc9a98ac5d494f88563eb5fa818a9) Importer(815301076,1909f56bfc062723c751e8b465ee728b)  -> (artifact id: 'fbfa68b01f97afab838aeabc61012bfe') in 0.010383 seconds 
========================================================================
Received Import Request.
  Time since last request: 0.000016 seconds.
  path: Assets/Sprites/pallets/dirt/8246060_orig_304.asset
  artifactKey: Guid(f91bea619af4d854c8df8db686cccc87) Importer(815301076,1909f56bfc062723c751e8b465ee728b)
Start importing Assets/Sprites/pallets/dirt/8246060_orig_304.asset using Guid(f91bea619af4d854c8df8db686cccc87) Importer(815301076,1909f56bfc062723c751e8b465ee728b)  -> (artifact id: 'a6f61a5b8adf7b3926d09f8f603d3fe7') in 0.012061 seconds 
========================================================================
Received Import Request.
  Time since last request: 0.000014 seconds.
  path: Assets/Sprites/pallets/dirt/8246060_orig_297.asset
  artifactKey: Guid(9f00b11a02d570642a8a2dcb8ae989d7) Importer(815301076,1909f56bfc062723c751e8b465ee728b)
Start importing Assets/Sprites/pallets/dirt/8246060_orig_297.asset using Guid(9f00b11a02d570642a8a2dcb8ae989d7) Importer(815301076,1909f56bfc062723c751e8b465ee728b)  -> (artifact id: 'a355304095a53cad1d317f31db25b28b') in 0.009966 seconds 
========================================================================
Received Import Request.
  Time since last request: 0.000018 seconds.
  path: Assets/Sprites/pallets/dirt/8246060_orig_296.asset
  artifactKey: Guid(dfed39ba1c797004dab94b055bcb081f) Importer(815301076,1909f56bfc062723c751e8b465ee728b)
Start importing Assets/Sprites/pallets/dirt/8246060_orig_296.asset using Guid(dfed39ba1c797004dab94b055bcb081f) Importer(815301076,1909f56bfc062723c751e8b465ee728b)  -> (artifact id: '4a021a2d49155e9faf21a42dfe5918bb') in 0.007304 seconds 
========================================================================
Received Prepare
Registering precompiled user dll's ...
Registered in 0.006109 seconds.
Begin MonoManager ReloadAssembly
Native extension for WindowsStandalone target not found
Native extension for WebGL target not found
Refreshing native plugins compatible for Editor in 0.75 ms, found 4 plugins.
Preloading 0 native plugins for Editor in 0.00 ms.
Mono: successfully reloaded assembly
- Completed reload, in  0.805 seconds
Domain Reload Profiling:
	ReloadAssembly (806ms)
		BeginReloadAssembly (137ms)
			ExecutionOrderSort (0ms)
			DisableScriptedObjects (7ms)
			BackupInstance (0ms)
			ReleaseScriptingObjects (0ms)
			CreateAndSetChildDomain (48ms)
		EndReloadAssembly (590ms)
			LoadAssemblies (76ms)
			RebuildTransferFunctionScriptingTraits (0ms)
			SetupTypeCache (179ms)
			ReleaseScriptCaches (1ms)
			RebuildScriptCaches (31ms)
			SetupLoadedEditorAssemblies (271ms)
				LogAssemblyErrors (0ms)
				InitializePlatformSupportModulesInManaged (10ms)
				SetLoadedEditorAssemblies (0ms)
				RefreshPlugins (1ms)
				BeforeProcessingInitializeOnLoad (59ms)
				ProcessInitializeOnLoadAttributes (163ms)
				ProcessInitializeOnLoadMethodAttributes (31ms)
				AfterProcessingInitializeOnLoad (7ms)
				EditorAssembliesLoaded (0ms)
			ExecutionOrderSort2 (0ms)
			AwakeInstancesAfterBackupRestoration (8ms)
Platform modules already initialized, skipping
Refreshing native plugins compatible for Editor in 2.13 ms, found 4 plugins.
Preloading 0 native plugins for Editor in 0.00 ms.
Unloading 4073 Unused Serialized files (Serialized files now loaded: 0)
Unloading 25 unused Assets / (24.7 KB). Loaded Objects now: 4566.
Memory consumption went from 156.5 MB to 156.5 MB.
Total: 3.067100 ms (FindLiveObjects: 0.290300 ms CreateObjectMapping: 0.085800 ms MarkObjects: 2.670300 ms  DeleteObjects: 0.019900 ms)

AssetImportParameters requested are different than current active one (requested -> active):
  custom:video-decoder-ogg-theora: a1e56fd34408186e4bbccfd4996cb3dc -> 
  custom:container-muxer-webm: aa71ff27fc2769a1b78a27578f13a17b -> 
  custom:container-demuxer-webm: 4f35f7cbe854078d1ac9338744f61a02 -> 
  custom:video-encoder-webm-vp8: eb34c28f22e8b96e1ab97ce403110664 -> 
  custom:audio-encoder-webm-vorbis: bf7c407c2cedff20999df2af8eb42d56 -> 
  custom:framework-win-MediaFoundation: 216162199b28c13a410421893ffa2e32 -> 
  custom:container-demuxer-ogg: 62fdf1f143b41e24485cea50d1cbac27 -> 
  custom:video-decoder-webm-vp8: 9c59270c3fd7afecdb556c50c9e8de78 -> 
  custom:audio-decoder-ogg-vorbis: bf7c407c2cedff20999df2af8eb42d56 -> 
========================================================================
Received Prepare
Registering precompiled user dll's ...
Registered in 0.005725 seconds.
Begin MonoManager ReloadAssembly
Native extension for WindowsStandalone target not found
Native extension for WebGL target not found
Refreshing native plugins compatible for Editor in 1.03 ms, found 4 plugins.
Preloading 0 native plugins for Editor in 0.00 ms.
Mono: successfully reloaded assembly
- Completed reload, in  0.798 seconds
Domain Reload Profiling:
	ReloadAssembly (798ms)
		BeginReloadAssembly (119ms)
			ExecutionOrderSort (0ms)
			DisableScriptedObjects (7ms)
			BackupInstance (0ms)
			ReleaseScriptingObjects (0ms)
			CreateAndSetChildDomain (39ms)
		EndReloadAssembly (606ms)
			LoadAssemblies (70ms)
			RebuildTransferFunctionScriptingTraits (0ms)
			SetupTypeCache (167ms)
			ReleaseScriptCaches (1ms)
			RebuildScriptCaches (36ms)
			SetupLoadedEditorAssemblies (294ms)
				LogAssemblyErrors (0ms)
				InitializePlatformSupportModulesInManaged (12ms)
				SetLoadedEditorAssemblies (0ms)
				RefreshPlugins (1ms)
				BeforeProcessingInitializeOnLoad (66ms)
				ProcessInitializeOnLoadAttributes (167ms)
				ProcessInitializeOnLoadMethodAttributes (40ms)
				AfterProcessingInitializeOnLoad (8ms)
				EditorAssembliesLoaded (0ms)
			ExecutionOrderSort2 (0ms)
			AwakeInstancesAfterBackupRestoration (7ms)
Platform modules already initialized, skipping
Refreshing native plugins compatible for Editor in 2.21 ms, found 4 plugins.
Preloading 0 native plugins for Editor in 0.00 ms.
Unloading 4073 Unused Serialized files (Serialized files now loaded: 0)
Unloading 25 unused Assets / (24.7 KB). Loaded Objects now: 4569.
Memory consumption went from 156.5 MB to 156.5 MB.
Total: 3.128400 ms (FindLiveObjects: 0.283700 ms CreateObjectMapping: 0.176900 ms MarkObjects: 2.645500 ms  DeleteObjects: 0.021500 ms)

AssetImportParameters requested are different than current active one (requested -> active):
  custom:video-decoder-ogg-theora: a1e56fd34408186e4bbccfd4996cb3dc -> 
  custom:container-muxer-webm: aa71ff27fc2769a1b78a27578f13a17b -> 
  custom:container-demuxer-webm: 4f35f7cbe854078d1ac9338744f61a02 -> 
  custom:video-encoder-webm-vp8: eb34c28f22e8b96e1ab97ce403110664 -> 
  custom:audio-encoder-webm-vorbis: bf7c407c2cedff20999df2af8eb42d56 -> 
  custom:framework-win-MediaFoundation: 216162199b28c13a410421893ffa2e32 -> 
  custom:container-demuxer-ogg: 62fdf1f143b41e24485cea50d1cbac27 -> 
  custom:video-decoder-webm-vp8: 9c59270c3fd7afecdb556c50c9e8de78 -> 
  custom:audio-decoder-ogg-vorbis: bf7c407c2cedff20999df2af8eb42d56 -> 
========================================================================
Received Prepare
Registering precompiled user dll's ...
Registered in 0.005767 seconds.
Begin MonoManager ReloadAssembly
Native extension for WindowsStandalone target not found
Native extension for WebGL target not found
Refreshing native plugins compatible for Editor in 0.70 ms, found 4 plugins.
Preloading 0 native plugins for Editor in 0.00 ms.
Mono: successfully reloaded assembly
- Completed reload, in  0.802 seconds
Domain Reload Profiling:
	ReloadAssembly (803ms)
		BeginReloadAssembly (125ms)
			ExecutionOrderSort (0ms)
			DisableScriptedObjects (6ms)
			BackupInstance (0ms)
			ReleaseScriptingObjects (0ms)
			CreateAndSetChildDomain (41ms)
		EndReloadAssembly (603ms)
			LoadAssemblies (77ms)
			RebuildTransferFunctionScriptingTraits (0ms)
			SetupTypeCache (182ms)
			ReleaseScriptCaches (2ms)
			RebuildScriptCaches (37ms)
			SetupLoadedEditorAssemblies (276ms)
				LogAssemblyErrors (0ms)
				InitializePlatformSupportModulesInManaged (11ms)
				SetLoadedEditorAssemblies (0ms)
				RefreshPlugins (1ms)
				BeforeProcessingInitializeOnLoad (61ms)
				ProcessInitializeOnLoadAttributes (167ms)
				ProcessInitializeOnLoadMethodAttributes (30ms)
				AfterProcessingInitializeOnLoad (7ms)
				EditorAssembliesLoaded (0ms)
			ExecutionOrderSort2 (0ms)
			AwakeInstancesAfterBackupRestoration (6ms)
Platform modules already initialized, skipping
Refreshing native plugins compatible for Editor in 2.98 ms, found 4 plugins.
Preloading 0 native plugins for Editor in 0.00 ms.
Unloading 4073 Unused Serialized files (Serialized files now loaded: 0)
Unloading 25 unused Assets / (24.6 KB). Loaded Objects now: 4572.
Memory consumption went from 156.5 MB to 156.5 MB.
Total: 2.872400 ms (FindLiveObjects: 0.323400 ms CreateObjectMapping: 0.084300 ms MarkObjects: 2.444800 ms  DeleteObjects: 0.018900 ms)

AssetImportParameters requested are different than current active one (requested -> active):
  custom:video-decoder-ogg-theora: a1e56fd34408186e4bbccfd4996cb3dc -> 
  custom:container-muxer-webm: aa71ff27fc2769a1b78a27578f13a17b -> 
  custom:container-demuxer-webm: 4f35f7cbe854078d1ac9338744f61a02 -> 
  custom:video-encoder-webm-vp8: eb34c28f22e8b96e1ab97ce403110664 -> 
  custom:audio-encoder-webm-vorbis: bf7c407c2cedff20999df2af8eb42d56 -> 
  custom:framework-win-MediaFoundation: 216162199b28c13a410421893ffa2e32 -> 
  custom:container-demuxer-ogg: 62fdf1f143b41e24485cea50d1cbac27 -> 
  custom:video-decoder-webm-vp8: 9c59270c3fd7afecdb556c50c9e8de78 -> 
  custom:audio-decoder-ogg-vorbis: bf7c407c2cedff20999df2af8eb42d56 -> 
========================================================================
Received Prepare
Registering precompiled user dll's ...
Registered in 0.006808 seconds.
Begin MonoManager ReloadAssembly
Native extension for WindowsStandalone target not found
Native extension for WebGL target not found
Refreshing native plugins compatible for Editor in 0.83 ms, found 4 plugins.
Preloading 0 native plugins for Editor in 0.00 ms.
Mono: successfully reloaded assembly
- Completed reload, in  0.948 seconds
Domain Reload Profiling:
	ReloadAssembly (949ms)
		BeginReloadAssembly (118ms)
			ExecutionOrderSort (0ms)
			DisableScriptedObjects (5ms)
			BackupInstance (0ms)
			ReleaseScriptingObjects (0ms)
			CreateAndSetChildDomain (37ms)
		EndReloadAssembly (744ms)
			LoadAssemblies (80ms)
			RebuildTransferFunctionScriptingTraits (0ms)
			SetupTypeCache (218ms)
			ReleaseScriptCaches (2ms)
			RebuildScriptCaches (43ms)
			SetupLoadedEditorAssemblies (345ms)
				LogAssemblyErrors (0ms)
				InitializePlatformSupportModulesInManaged (14ms)
				SetLoadedEditorAssemblies (1ms)
				RefreshPlugins (1ms)
				BeforeProcessingInitializeOnLoad (75ms)
				ProcessInitializeOnLoadAttributes (203ms)
				ProcessInitializeOnLoadMethodAttributes (41ms)
				AfterProcessingInitializeOnLoad (9ms)
				EditorAssembliesLoaded (0ms)
			ExecutionOrderSort2 (0ms)
			AwakeInstancesAfterBackupRestoration (9ms)
Platform modules already initialized, skipping
Refreshing native plugins compatible for Editor in 2.85 ms, found 4 plugins.
Preloading 0 native plugins for Editor in 0.00 ms.
Unloading 4073 Unused Serialized files (Serialized files now loaded: 0)
Unloading 25 unused Assets / (24.7 KB). Loaded Objects now: 4575.
Memory consumption went from 156.5 MB to 156.5 MB.
Total: 3.646500 ms (FindLiveObjects: 0.265100 ms CreateObjectMapping: 0.159900 ms MarkObjects: 3.198700 ms  DeleteObjects: 0.022000 ms)

AssetImportParameters requested are different than current active one (requested -> active):
  custom:video-decoder-ogg-theora: a1e56fd34408186e4bbccfd4996cb3dc -> 
  custom:container-muxer-webm: aa71ff27fc2769a1b78a27578f13a17b -> 
  custom:container-demuxer-webm: 4f35f7cbe854078d1ac9338744f61a02 -> 
  custom:video-encoder-webm-vp8: eb34c28f22e8b96e1ab97ce403110664 -> 
  custom:audio-encoder-webm-vorbis: bf7c407c2cedff20999df2af8eb42d56 -> 
  custom:framework-win-MediaFoundation: 216162199b28c13a410421893ffa2e32 -> 
  custom:container-demuxer-ogg: 62fdf1f143b41e24485cea50d1cbac27 -> 
  custom:video-decoder-webm-vp8: 9c59270c3fd7afecdb556c50c9e8de78 -> 
  custom:audio-decoder-ogg-vorbis: bf7c407c2cedff20999df2af8eb42d56 -> 
Editor requested this worker to shutdown with reason: Scaling down because of idle timeout
AssetImportWorker is now disconnected from the server
Process exiting
Exiting without the bug reporter. Application will terminate with return code 0