Using pre-set license
Built from '2021.3/release' branch; Version is '2021.3.12f1 (8af3c3e441b1) revision 9106371'; Using compiler version '192829333'; Build Type 'Release'
OS: 'Windows 10  (10.0.19045) 64bit Professional' Language: 'en' Physical Memory: 8076 MB
BatchMode: 1, IsHumanControllingUs: 0, StartBugReporterOnCrash: 0, Is64bit: 1, IsPro: 1

COMMAND LINE ARGUMENTS:
C:\Program Files\Unity\Hub\Editor\2021.3.12f1\Editor\Unity.exe
-adb2
-batchMode
-noUpm
-name
AssetImportWorker1
-projectPath
C:/Unity/Roc/RoC
-logFile
Logs/AssetImportWorker1.log
-srvPort
65045
Successfully changed project path to: C:/Unity/Roc/RoC
C:/Unity/Roc/RoC
[UnityMemory] Configuration Parameters - Can be set up in boot.config
    "memorysetup-bucket-allocator-granularity=16"
    "memorysetup-bucket-allocator-bucket-count=8"
    "memorysetup-bucket-allocator-block-size=33554432"
    "memorysetup-bucket-allocator-block-count=8"
    "memorysetup-main-allocator-block-size=16777216"
    "memorysetup-thread-allocator-block-size=16777216"
    "memorysetup-gfx-main-allocator-block-size=16777216"
    "memorysetup-gfx-thread-allocator-block-size=16777216"
    "memorysetup-cache-allocator-block-size=4194304"
    "memorysetup-typetree-allocator-block-size=2097152"
    "memorysetup-profiler-bucket-allocator-granularity=16"
    "memorysetup-profiler-bucket-allocator-bucket-count=8"
    "memorysetup-profiler-bucket-allocator-block-size=33554432"
    "memorysetup-profiler-bucket-allocator-block-count=8"
    "memorysetup-profiler-allocator-block-size=16777216"
    "memorysetup-profiler-editor-allocator-block-size=1048576"
    "memorysetup-temp-allocator-size-main=16777216"
    "memorysetup-job-temp-allocator-block-size=2097152"
    "memorysetup-job-temp-allocator-block-size-background=1048576"
    "memorysetup-job-temp-allocator-reduction-small-platforms=262144"
    "memorysetup-temp-allocator-size-background-worker=32768"
    "memorysetup-temp-allocator-size-job-worker=262144"
    "memorysetup-temp-allocator-size-preload-manager=33554432"
    "memorysetup-temp-allocator-size-nav-mesh-worker=65536"
    "memorysetup-temp-allocator-size-audio-worker=65536"
    "memorysetup-temp-allocator-size-cloud-worker=32768"
    "memorysetup-temp-allocator-size-gi-baking-worker=262144"
    "memorysetup-temp-allocator-size-gfx=262144"
Refreshing native plugins compatible for Editor in 72.59 ms, found 4 plugins.
Preloading 0 native plugins for Editor in 0.00 ms.
Initialize engine version: 2021.3.12f1 (8af3c3e441b1)
[Subsystems] Discovering subsystems at path C:/Program Files/Unity/Hub/Editor/2021.3.12f1/Editor/Data/Resources/UnitySubsystems
[Subsystems] Discovering subsystems at path C:/Unity/Roc/RoC/Assets
GfxDevice: creating device client; threaded=0; jobified=0
Direct3D:
    Version:  Direct3D 11.0 [level 11.1]
    Renderer: NVIDIA GeForce GTX 1060 3GB (ID=0x1c02)
    Vendor:   NVIDIA
    VRAM:     2979 MB
    Driver:   31.0.15.2737
Initialize mono
Mono path[0] = 'C:/Program Files/Unity/Hub/Editor/2021.3.12f1/Editor/Data/Managed'
Mono path[1] = 'C:/Program Files/Unity/Hub/Editor/2021.3.12f1/Editor/Data/MonoBleedingEdge/lib/mono/unityjit-win32'
Mono config path = 'C:/Program Files/Unity/Hub/Editor/2021.3.12f1/Editor/Data/MonoBleedingEdge/etc'
Using monoOptions --debugger-agent=transport=dt_socket,embedding=1,server=y,suspend=n,address=127.0.0.1:56752
Begin MonoManager ReloadAssembly
Registering precompiled unity dll's ...
Register platform support module: C:/Program Files/Unity/Hub/Editor/2021.3.12f1/Editor/Data/PlaybackEngines/WebGLSupport/UnityEditor.WebGL.Extensions.dll
Register platform support module: C:/Program Files/Unity/Hub/Editor/2021.3.12f1/Editor/Data/PlaybackEngines/WindowsStandaloneSupport/UnityEditor.WindowsStandalone.Extensions.dll
Registered in 0.006061 seconds.
Native extension for WindowsStandalone target not found
Native extension for WebGL target not found
Refreshing native plugins compatible for Editor in 70.28 ms, found 4 plugins.
Preloading 0 native plugins for Editor in 0.00 ms.
Mono: successfully reloaded assembly
- Completed reload, in  0.481 seconds
Domain Reload Profiling:
	ReloadAssembly (482ms)
		BeginReloadAssembly (54ms)
			ExecutionOrderSort (0ms)
			DisableScriptedObjects (0ms)
			BackupInstance (0ms)
			ReleaseScriptingObjects (0ms)
			CreateAndSetChildDomain (0ms)
		EndReloadAssembly (343ms)
			LoadAssemblies (52ms)
			RebuildTransferFunctionScriptingTraits (0ms)
			SetupTypeCache (73ms)
			ReleaseScriptCaches (0ms)
			RebuildScriptCaches (18ms)
			SetupLoadedEditorAssemblies (214ms)
				LogAssemblyErrors (0ms)
				InitializePlatformSupportModulesInManaged (7ms)
				SetLoadedEditorAssemblies (0ms)
				RefreshPlugins (70ms)
				BeforeProcessingInitializeOnLoad (1ms)
				ProcessInitializeOnLoadAttributes (103ms)
				ProcessInitializeOnLoadMethodAttributes (32ms)
				AfterProcessingInitializeOnLoad (0ms)
				EditorAssembliesLoaded (0ms)
			ExecutionOrderSort2 (0ms)
			AwakeInstancesAfterBackupRestoration (0ms)
Platform modules already initialized, skipping
Registering precompiled user dll's ...
Registered in 0.006344 seconds.
Begin MonoManager ReloadAssembly
Native extension for WindowsStandalone target not found
Native extension for WebGL target not found
Refreshing native plugins compatible for Editor in 69.01 ms, found 4 plugins.
Preloading 0 native plugins for Editor in 0.00 ms.
Mono: successfully reloaded assembly
- Completed reload, in  0.860 seconds
Domain Reload Profiling:
	ReloadAssembly (861ms)
		BeginReloadAssembly (83ms)
			ExecutionOrderSort (0ms)
			DisableScriptedObjects (4ms)
			BackupInstance (0ms)
			ReleaseScriptingObjects (0ms)
			CreateAndSetChildDomain (16ms)
		EndReloadAssembly (692ms)
			LoadAssemblies (65ms)
			RebuildTransferFunctionScriptingTraits (0ms)
			SetupTypeCache (164ms)
			ReleaseScriptCaches (1ms)
			RebuildScriptCaches (42ms)
			SetupLoadedEditorAssemblies (384ms)
				LogAssemblyErrors (0ms)
				InitializePlatformSupportModulesInManaged (5ms)
				SetLoadedEditorAssemblies (0ms)
				RefreshPlugins (69ms)
				BeforeProcessingInitializeOnLoad (89ms)
				ProcessInitializeOnLoadAttributes (178ms)
				ProcessInitializeOnLoadMethodAttributes (36ms)
				AfterProcessingInitializeOnLoad (7ms)
				EditorAssembliesLoaded (0ms)
			ExecutionOrderSort2 (0ms)
			AwakeInstancesAfterBackupRestoration (5ms)
Platform modules already initialized, skipping
========================================================================
Worker process is ready to serve import requests
Launched and connected shader compiler UnityShaderCompiler.exe after 0.03 seconds
Refreshing native plugins compatible for Editor in 0.74 ms, found 4 plugins.
Preloading 0 native plugins for Editor in 0.00 ms.
Unloading 4096 Unused Serialized files (Serialized files now loaded: 0)
Unloading 38 unused Assets / (56.8 KB). Loaded Objects now: 4552.
Memory consumption went from 154.0 MB to 153.9 MB.
Total: 2.675400 ms (FindLiveObjects: 0.212500 ms CreateObjectMapping: 0.108600 ms MarkObjects: 2.288900 ms  DeleteObjects: 0.064500 ms)

AssetImportParameters requested are different than current active one (requested -> active):
  custom:video-decoder-ogg-theora: a1e56fd34408186e4bbccfd4996cb3dc -> 
  custom:container-muxer-webm: aa71ff27fc2769a1b78a27578f13a17b -> 
  custom:container-demuxer-webm: 4f35f7cbe854078d1ac9338744f61a02 -> 
  custom:video-encoder-webm-vp8: eb34c28f22e8b96e1ab97ce403110664 -> 
  custom:audio-encoder-webm-vorbis: bf7c407c2cedff20999df2af8eb42d56 -> 
  custom:framework-win-MediaFoundation: 216162199b28c13a410421893ffa2e32 -> 
  custom:container-demuxer-ogg: 62fdf1f143b41e24485cea50d1cbac27 -> 
  custom:video-decoder-webm-vp8: 9c59270c3fd7afecdb556c50c9e8de78 -> 
  custom:audio-decoder-ogg-vorbis: bf7c407c2cedff20999df2af8eb42d56 -> 
========================================================================
Received Import Request.
  Time since last request: 160935.514848 seconds.
  path: Assets/Sprites/CloseButton.png
  artifactKey: Guid(d92692ed6d7613e41a05b38ea965fee9) Importer(815301076,1909f56bfc062723c751e8b465ee728b)
Start importing Assets/Sprites/CloseButton.png using Guid(d92692ed6d7613e41a05b38ea965fee9) Importer(815301076,1909f56bfc062723c751e8b465ee728b)  -> (artifact id: '663fcd5e2890079321d3429c49380d6a') in 0.105805 seconds 
========================================================================
Received Import Request.
  Time since last request: 0.000017 seconds.
  path: Assets/Sprites/slot.prefab
  artifactKey: Guid(a6bf910c60b3bfb4281c9208a517c1c7) Importer(815301076,1909f56bfc062723c751e8b465ee728b)
Start importing Assets/Sprites/slot.prefab using Guid(a6bf910c60b3bfb4281c9208a517c1c7) Importer(815301076,1909f56bfc062723c751e8b465ee728b)  -> (artifact id: 'ae86287cb7bff169646850f77a26d873') in 0.013949 seconds 
========================================================================
Received Import Request.
  Time since last request: 0.000017 seconds.
  path: Assets/Sprites/Panel.png
  artifactKey: Guid(d41605accff889f4bb11b4cf1031f23e) Importer(815301076,1909f56bfc062723c751e8b465ee728b)
Start importing Assets/Sprites/Panel.png using Guid(d41605accff889f4bb11b4cf1031f23e) Importer(815301076,1909f56bfc062723c751e8b465ee728b)  -> (artifact id: '1283ee6357e3981e6d2bc115d1f55a6e') in 0.010994 seconds 
========================================================================
Received Import Request.
  Time since last request: 0.000012 seconds.
  path: Assets/Sprites/download.png
  artifactKey: Guid(38e629ba85f9eab449350ab6827be394) Importer(815301076,1909f56bfc062723c751e8b465ee728b)
Start importing Assets/Sprites/download.png using Guid(38e629ba85f9eab449350ab6827be394) Importer(815301076,1909f56bfc062723c751e8b465ee728b)  -> (artifact id: '9e6e4fe35a3b80443864a7dcc3a9a79b') in 0.013376 seconds 
========================================================================
Received Import Request.
  Time since last request: 0.000011 seconds.
  path: Assets/Sprites/Placeholder02.png
  artifactKey: Guid(fc0a7b7af3f5cd648aec9b9196474eda) Importer(815301076,1909f56bfc062723c751e8b465ee728b)
Start importing Assets/Sprites/Placeholder02.png using Guid(fc0a7b7af3f5cd648aec9b9196474eda) Importer(815301076,1909f56bfc062723c751e8b465ee728b)  -> (artifact id: 'b89203e1e155211af302aa818dbad932') in 0.005785 seconds 
========================================================================
Received Import Request.
  Time since last request: 1.686672 seconds.
  path: Assets/marker.asset
  artifactKey: Guid(0551109b1b2176947aa7f02fa121e77c) Importer(815301076,1909f56bfc062723c751e8b465ee728b)
Start importing Assets/marker.asset using Guid(0551109b1b2176947aa7f02fa121e77c) Importer(815301076,1909f56bfc062723c751e8b465ee728b)  -> (artifact id: 'f1f74932999208e9f8d29af0dc116fc9') in 0.010007 seconds 
========================================================================
Received Import Request.
  Time since last request: 0.000013 seconds.
  path: Assets/TilesetExample_15.asset
  artifactKey: Guid(b7cc71e036998704e85ffa8f4363de45) Importer(815301076,1909f56bfc062723c751e8b465ee728b)
Start importing Assets/TilesetExample_15.asset using Guid(b7cc71e036998704e85ffa8f4363de45) Importer(815301076,1909f56bfc062723c751e8b465ee728b)  -> (artifact id: '92ccfcc60240034a83b9dcb7e750271a') in 0.005037 seconds 
========================================================================
Received Import Request.
  Time since last request: 0.000016 seconds.
  path: Assets/TilesetExample_1.asset
  artifactKey: Guid(451a57a0a94e5624494ff1b5d74a2c4d) Importer(815301076,1909f56bfc062723c751e8b465ee728b)
Start importing Assets/TilesetExample_1.asset using Guid(451a57a0a94e5624494ff1b5d74a2c4d) Importer(815301076,1909f56bfc062723c751e8b465ee728b)  -> (artifact id: 'f79c1a6f49cb4f68caacd6b1fe5f49a6') in 0.004356 seconds 
========================================================================
Received Import Request.
  Time since last request: 0.000016 seconds.
  path: Assets/TilesetExample_39.asset
  artifactKey: Guid(73a0831f11d8243409c041ddfc5a3028) Importer(815301076,1909f56bfc062723c751e8b465ee728b)
Start importing Assets/TilesetExample_39.asset using Guid(73a0831f11d8243409c041ddfc5a3028) Importer(815301076,1909f56bfc062723c751e8b465ee728b)  -> (artifact id: '08912162c866ffc562fe8a0a4c0cf100') in 0.004771 seconds 
========================================================================
Received Import Request.
  Time since last request: 0.000012 seconds.
  path: Assets/TilesetExample_41.asset
  artifactKey: Guid(cf3b276438f6a4c4ba691f1a8aa3c66d) Importer(815301076,1909f56bfc062723c751e8b465ee728b)
Start importing Assets/TilesetExample_41.asset using Guid(cf3b276438f6a4c4ba691f1a8aa3c66d) Importer(815301076,1909f56bfc062723c751e8b465ee728b)  -> (artifact id: 'a8fc6dcf099764fb9ff024fd72707ee6') in 0.006099 seconds 
========================================================================
Received Import Request.
  Time since last request: 0.000013 seconds.
  path: Assets/TilesetExample_21.asset
  artifactKey: Guid(37492ab433acb2d4dabdbdbf6d600f91) Importer(815301076,1909f56bfc062723c751e8b465ee728b)
Start importing Assets/TilesetExample_21.asset using Guid(37492ab433acb2d4dabdbdbf6d600f91) Importer(815301076,1909f56bfc062723c751e8b465ee728b)  -> (artifact id: '507ba9027dce40299aa271d20e699222') in 0.004483 seconds 
========================================================================
Received Import Request.
  Time since last request: 0.000012 seconds.
  path: Assets/TilesetExample_13.asset
  artifactKey: Guid(7e82635d15660af47838dc25d7f4b507) Importer(815301076,1909f56bfc062723c751e8b465ee728b)
Start importing Assets/TilesetExample_13.asset using Guid(7e82635d15660af47838dc25d7f4b507) Importer(815301076,1909f56bfc062723c751e8b465ee728b)  -> (artifact id: '0aaf2001934ed71171aacbc668a8cc3b') in 0.003895 seconds 
========================================================================
Received Import Request.
  Time since last request: 0.000012 seconds.
  path: Assets/TilesetExample_14.asset
  artifactKey: Guid(168fcaa2c32a56b419c0104ddfc0e72b) Importer(815301076,1909f56bfc062723c751e8b465ee728b)
Start importing Assets/TilesetExample_14.asset using Guid(168fcaa2c32a56b419c0104ddfc0e72b) Importer(815301076,1909f56bfc062723c751e8b465ee728b)  -> (artifact id: '9583ea8847f31a8dbb420e0726fd6d03') in 0.004252 seconds 
========================================================================
Received Import Request.
  Time since last request: 0.000013 seconds.
  path: Assets/TilesetExample_34.asset
  artifactKey: Guid(f31ac4b4143a6b546bb860f076922451) Importer(815301076,1909f56bfc062723c751e8b465ee728b)
Start importing Assets/TilesetExample_34.asset using Guid(f31ac4b4143a6b546bb860f076922451) Importer(815301076,1909f56bfc062723c751e8b465ee728b)  -> (artifact id: 'd02c55c062f8f6fafc054a630f53a072') in 0.004805 seconds 
========================================================================
Received Import Request.
  Time since last request: 0.000016 seconds.
  path: Assets/TilesetExample_20.asset
  artifactKey: Guid(530f9aba936cd714ea45fb5a2f3f6207) Importer(815301076,1909f56bfc062723c751e8b465ee728b)
Start importing Assets/TilesetExample_20.asset using Guid(530f9aba936cd714ea45fb5a2f3f6207) Importer(815301076,1909f56bfc062723c751e8b465ee728b)  -> (artifact id: '064e2ba3243cd6883634fa61e4acbabf') in 0.004085 seconds 
========================================================================
Received Import Request.
  Time since last request: 0.000016 seconds.
  path: Assets/TilesetExample_25.asset
  artifactKey: Guid(0f0674ae56892e742a8251c08c35c7f8) Importer(815301076,1909f56bfc062723c751e8b465ee728b)
Start importing Assets/TilesetExample_25.asset using Guid(0f0674ae56892e742a8251c08c35c7f8) Importer(815301076,1909f56bfc062723c751e8b465ee728b)  -> (artifact id: '78d1e3e116e7780b46683f1560cfac1f') in 0.004335 seconds 
========================================================================
Received Import Request.
  Time since last request: 0.000018 seconds.
  path: Assets/TilesetExample_30.asset
  artifactKey: Guid(2a109e57cbf721d4280e3dfc578be7b0) Importer(815301076,1909f56bfc062723c751e8b465ee728b)
Start importing Assets/TilesetExample_30.asset using Guid(2a109e57cbf721d4280e3dfc578be7b0) Importer(815301076,1909f56bfc062723c751e8b465ee728b)  -> (artifact id: '882d9e32c53e3e4395921f6b2973461d') in 0.005017 seconds 
========================================================================
Received Import Request.
  Time since last request: 0.000014 seconds.
  path: Assets/TilesetExample_28.asset
  artifactKey: Guid(a3f9a36e6eccd9d499989291d0dd5b7f) Importer(815301076,1909f56bfc062723c751e8b465ee728b)
Start importing Assets/TilesetExample_28.asset using Guid(a3f9a36e6eccd9d499989291d0dd5b7f) Importer(815301076,1909f56bfc062723c751e8b465ee728b)  -> (artifact id: 'dd8b4278b7e544eb10bcb69daf621870') in 0.004620 seconds 
========================================================================
Received Import Request.
  Time since last request: 0.000012 seconds.
  path: Assets/TilesetExample_40.asset
  artifactKey: Guid(fdf45ac0e86b9964c897f48c1e64ea28) Importer(815301076,1909f56bfc062723c751e8b465ee728b)
Start importing Assets/TilesetExample_40.asset using Guid(fdf45ac0e86b9964c897f48c1e64ea28) Importer(815301076,1909f56bfc062723c751e8b465ee728b)  -> (artifact id: '0fe8a3521faf6d17089186c46dcb2b49') in 0.004626 seconds 
========================================================================
Received Import Request.
  Time since last request: 0.000016 seconds.
  path: Assets/TilesetExample_18.asset
  artifactKey: Guid(a4a6dcdc66e724243a01119ea52a15b2) Importer(815301076,1909f56bfc062723c751e8b465ee728b)
Start importing Assets/TilesetExample_18.asset using Guid(a4a6dcdc66e724243a01119ea52a15b2) Importer(815301076,1909f56bfc062723c751e8b465ee728b)  -> (artifact id: '5f346aa938ea770d9c3d1eb40d7375e7') in 0.004446 seconds 
========================================================================
Received Import Request.
  Time since last request: 0.000019 seconds.
  path: Assets/TilesetExample_7.asset
  artifactKey: Guid(5eaf367706848154abc61fba2461d70d) Importer(815301076,1909f56bfc062723c751e8b465ee728b)
Start importing Assets/TilesetExample_7.asset using Guid(5eaf367706848154abc61fba2461d70d) Importer(815301076,1909f56bfc062723c751e8b465ee728b)  -> (artifact id: '30ae0ef23c24a55b2118f1ea6e92e938') in 0.005729 seconds 
========================================================================
Received Import Request.
  Time since last request: 0.000022 seconds.
  path: Assets/TilesetExample_12.asset
  artifactKey: Guid(4c8581bad336be24782cf18509d69e7c) Importer(815301076,1909f56bfc062723c751e8b465ee728b)
Start importing Assets/TilesetExample_12.asset using Guid(4c8581bad336be24782cf18509d69e7c) Importer(815301076,1909f56bfc062723c751e8b465ee728b)  -> (artifact id: '803514e38a848e9a32e399786cb38265') in 0.004509 seconds 
========================================================================
Received Import Request.
  Time since last request: 0.000021 seconds.
  path: Assets/TilesetExample_2.asset
  artifactKey: Guid(e5a3a00d9828fd84fb6b1f1d81421f18) Importer(815301076,1909f56bfc062723c751e8b465ee728b)
Start importing Assets/TilesetExample_2.asset using Guid(e5a3a00d9828fd84fb6b1f1d81421f18) Importer(815301076,1909f56bfc062723c751e8b465ee728b)  -> (artifact id: 'd8bfd31b0d8db45f8c773b6da6b8fe86') in 0.004282 seconds 
========================================================================
Received Import Request.
  Time since last request: 0.000022 seconds.
  path: Assets/TilesetExample_9.asset
  artifactKey: Guid(0b9b313f81592b742bcb87e492e1e447) Importer(815301076,1909f56bfc062723c751e8b465ee728b)
Start importing Assets/TilesetExample_9.asset using Guid(0b9b313f81592b742bcb87e492e1e447) Importer(815301076,1909f56bfc062723c751e8b465ee728b)  -> (artifact id: 'e023357007d04f5164f4e1dec910a43e') in 0.004580 seconds 
========================================================================
Received Import Request.
  Time since last request: 0.000013 seconds.
  path: Assets/TilesetExample_23.asset
  artifactKey: Guid(6078e927c7c0bfb49ab93733bcafd7e4) Importer(815301076,1909f56bfc062723c751e8b465ee728b)
Start importing Assets/TilesetExample_23.asset using Guid(6078e927c7c0bfb49ab93733bcafd7e4) Importer(815301076,1909f56bfc062723c751e8b465ee728b)  -> (artifact id: '5ce70cfcd9045e258c9dbb4d0129b172') in 0.004379 seconds 
========================================================================
Received Import Request.
  Time since last request: 0.000013 seconds.
  path: Assets/TilesetExample_11.asset
  artifactKey: Guid(65dab797ec69bd84b804ea64f6b60d2b) Importer(815301076,1909f56bfc062723c751e8b465ee728b)
Start importing Assets/TilesetExample_11.asset using Guid(65dab797ec69bd84b804ea64f6b60d2b) Importer(815301076,1909f56bfc062723c751e8b465ee728b)  -> (artifact id: '7b4e13a48c255d0158b82f09d63bba78') in 0.004727 seconds 
========================================================================
Received Import Request.
  Time since last request: 0.000014 seconds.
  path: Assets/TilesetExample_19.asset
  artifactKey: Guid(f1418d33628ecf744b4ce103ce8011d9) Importer(815301076,1909f56bfc062723c751e8b465ee728b)
Start importing Assets/TilesetExample_19.asset using Guid(f1418d33628ecf744b4ce103ce8011d9) Importer(815301076,1909f56bfc062723c751e8b465ee728b)  -> (artifact id: 'ad841e534b934cafb937fac2554a20a3') in 0.004814 seconds 
========================================================================
Received Import Request.
  Time since last request: 0.000017 seconds.
  path: Assets/Plowable.asset
  artifactKey: Guid(8a499e4cf3a50574aabf2004d3ab71e7) Importer(815301076,1909f56bfc062723c751e8b465ee728b)
Start importing Assets/Plowable.asset using Guid(8a499e4cf3a50574aabf2004d3ab71e7) Importer(815301076,1909f56bfc062723c751e8b465ee728b)  -> (artifact id: '9e8f36a6f7fc2e9f013019c1c04d1fe5') in 0.003061 seconds 
========================================================================
Received Import Request.
  Time since last request: 0.000013 seconds.
  path: Assets/TilesetExample_36.asset
  artifactKey: Guid(a5f9173fa4649a949a34da035ba652eb) Importer(815301076,1909f56bfc062723c751e8b465ee728b)
Start importing Assets/TilesetExample_36.asset using Guid(a5f9173fa4649a949a34da035ba652eb) Importer(815301076,1909f56bfc062723c751e8b465ee728b)  -> (artifact id: '5fe741b121bfdced2931e402e3b86fe4') in 0.004147 seconds 
========================================================================
Received Import Request.
  Time since last request: 87.618994 seconds.
  path: Assets/TilesetExample_43.asset
  artifactKey: Guid(b458249cec4eb854aae32eb4d8909a55) Importer(815301076,1909f56bfc062723c751e8b465ee728b)
Start importing Assets/TilesetExample_43.asset using Guid(b458249cec4eb854aae32eb4d8909a55) Importer(815301076,1909f56bfc062723c751e8b465ee728b)  -> (artifact id: '631ac49d590256522fda8cbe8ad4df89') in 0.005438 seconds 
========================================================================
Received Import Request.
  Time since last request: 0.000020 seconds.
  path: Assets/TilesetExample_50.asset
  artifactKey: Guid(b26e4b5fa74109c4d8d0156c36ad8a31) Importer(815301076,1909f56bfc062723c751e8b465ee728b)
Start importing Assets/TilesetExample_50.asset using Guid(b26e4b5fa74109c4d8d0156c36ad8a31) Importer(815301076,1909f56bfc062723c751e8b465ee728b)  -> (artifact id: 'b92d753b742130ef1074ed68fdaa17a5') in 0.008875 seconds 
========================================================================
Received Import Request.
  Time since last request: 0.000033 seconds.
  path: Assets/TilesetExample_45.asset
  artifactKey: Guid(de14b89307d290744971aac7561dbac0) Importer(815301076,1909f56bfc062723c751e8b465ee728b)
Start importing Assets/TilesetExample_45.asset using Guid(de14b89307d290744971aac7561dbac0) Importer(815301076,1909f56bfc062723c751e8b465ee728b)  -> (artifact id: '5fb92ca7cdbe016678a67c5e490fa2b7') in 0.007281 seconds 
========================================================================
Received Import Request.
  Time since last request: 0.000015 seconds.
  path: Assets/TilesetExample_48.asset
  artifactKey: Guid(66c9668867c3b6347834c472a1acec5e) Importer(815301076,1909f56bfc062723c751e8b465ee728b)
Start importing Assets/TilesetExample_48.asset using Guid(66c9668867c3b6347834c472a1acec5e) Importer(815301076,1909f56bfc062723c751e8b465ee728b)  -> (artifact id: 'f82c6f39913a34893097eefab97557d9') in 0.006059 seconds 
========================================================================
Received Import Request.
  Time since last request: 0.000025 seconds.
  path: Assets/TilesetExample_44.asset
  artifactKey: Guid(622fdc61086b7d746b750596106a56b9) Importer(815301076,1909f56bfc062723c751e8b465ee728b)
Start importing Assets/TilesetExample_44.asset using Guid(622fdc61086b7d746b750596106a56b9) Importer(815301076,1909f56bfc062723c751e8b465ee728b)  -> (artifact id: '0aa86cd5e9a14594a7ae78f72f5f98df') in 0.006911 seconds 
========================================================================
Received Import Request.
  Time since last request: 0.000017 seconds.
  path: Assets/TilesetExample_51.asset
  artifactKey: Guid(92c5c84f9b21bf04182b1147395e9eab) Importer(815301076,1909f56bfc062723c751e8b465ee728b)
Start importing Assets/TilesetExample_51.asset using Guid(92c5c84f9b21bf04182b1147395e9eab) Importer(815301076,1909f56bfc062723c751e8b465ee728b)  -> (artifact id: '27bb06700c17aab62f75875cfc754089') in 0.006636 seconds 
========================================================================
Received Import Request.
  Time since last request: 0.000028 seconds.
  path: Assets/TilesetExample_49.asset
  artifactKey: Guid(3e0b9919d5ef879489e914c941a5bb8a) Importer(815301076,1909f56bfc062723c751e8b465ee728b)
Start importing Assets/TilesetExample_49.asset using Guid(3e0b9919d5ef879489e914c941a5bb8a) Importer(815301076,1909f56bfc062723c751e8b465ee728b)  -> (artifact id: '2e5524adcb7043bc205594de7591e36e') in 0.004790 seconds 
========================================================================
Received Import Request.
  Time since last request: 0.000013 seconds.
  path: Assets/TilesetExample_59.asset
  artifactKey: Guid(a92a55faeae80584d8e2deada3d4653c) Importer(815301076,1909f56bfc062723c751e8b465ee728b)
Start importing Assets/TilesetExample_59.asset using Guid(a92a55faeae80584d8e2deada3d4653c) Importer(815301076,1909f56bfc062723c751e8b465ee728b)  -> (artifact id: '52659e475b4fe72636df7415e4431296') in 0.005275 seconds 
========================================================================
Received Import Request.
  Time since last request: 0.000013 seconds.
  path: Assets/TilesetExample_69.asset
  artifactKey: Guid(48b383ff47d92ed4b9f783cfcec22c3b) Importer(815301076,1909f56bfc062723c751e8b465ee728b)
Start importing Assets/TilesetExample_69.asset using Guid(48b383ff47d92ed4b9f783cfcec22c3b) Importer(815301076,1909f56bfc062723c751e8b465ee728b)  -> (artifact id: '0adc362ea73fc0fa734db8c97fc2cafe') in 0.004768 seconds 
========================================================================
Received Import Request.
  Time since last request: 0.000107 seconds.
  path: Assets/TilesetExample_68.asset
  artifactKey: Guid(4cf49c6ec982d544aaa617a38b323a11) Importer(815301076,1909f56bfc062723c751e8b465ee728b)
Start importing Assets/TilesetExample_68.asset using Guid(4cf49c6ec982d544aaa617a38b323a11) Importer(815301076,1909f56bfc062723c751e8b465ee728b)  -> (artifact id: '56b823e8b430943b3245b01ac6102cc1') in 0.005987 seconds 
========================================================================
Received Import Request.
  Time since last request: 0.000019 seconds.
  path: Assets/TilesetExample_61.asset
  artifactKey: Guid(4a33fbf326431ef478ad68c57aa836ed) Importer(815301076,1909f56bfc062723c751e8b465ee728b)
Start importing Assets/TilesetExample_61.asset using Guid(4a33fbf326431ef478ad68c57aa836ed) Importer(815301076,1909f56bfc062723c751e8b465ee728b)  -> (artifact id: 'eb90c9b2c8276a40b70b420df201d48d') in 0.005608 seconds 
========================================================================
Received Import Request.
  Time since last request: 0.000018 seconds.
  path: Assets/TilesetExample_56.asset
  artifactKey: Guid(b953f0eb63e1a3948a6cb2cff51732d4) Importer(815301076,1909f56bfc062723c751e8b465ee728b)
Start importing Assets/TilesetExample_56.asset using Guid(b953f0eb63e1a3948a6cb2cff51732d4) Importer(815301076,1909f56bfc062723c751e8b465ee728b)  -> (artifact id: 'fe7b18c252f94f87d15ddee25a939f96') in 0.005829 seconds 
========================================================================
Received Import Request.
  Time since last request: 0.000015 seconds.
  path: Assets/TilesetExample_67.asset
  artifactKey: Guid(16aa4982064b3354cadca467322d4a56) Importer(815301076,1909f56bfc062723c751e8b465ee728b)
Start importing Assets/TilesetExample_67.asset using Guid(16aa4982064b3354cadca467322d4a56) Importer(815301076,1909f56bfc062723c751e8b465ee728b)  -> (artifact id: '04d4c4290eef4ae238e5f6d61aa46fe5') in 0.005286 seconds 
========================================================================
Received Import Request.
  Time since last request: 0.000013 seconds.
  path: Assets/TilesetExample_47.asset
  artifactKey: Guid(c6655d5561ff8214086abc458b50d789) Importer(815301076,1909f56bfc062723c751e8b465ee728b)
Start importing Assets/TilesetExample_47.asset using Guid(c6655d5561ff8214086abc458b50d789) Importer(815301076,1909f56bfc062723c751e8b465ee728b)  -> (artifact id: '31d95af430aa4af0f310eed3d571f426') in 0.007119 seconds 
========================================================================
Received Import Request.
  Time since last request: 0.000019 seconds.
  path: Assets/TilesetExample_54.asset
  artifactKey: Guid(2e4abf5f6c7133d449cfb6b09e69f015) Importer(815301076,1909f56bfc062723c751e8b465ee728b)
Start importing Assets/TilesetExample_54.asset using Guid(2e4abf5f6c7133d449cfb6b09e69f015) Importer(815301076,1909f56bfc062723c751e8b465ee728b)  -> (artifact id: 'cb56bb19e1498e863c3afa75905304ff') in 0.005743 seconds 
========================================================================
Received Import Request.
  Time since last request: 0.788531 seconds.
  path: Assets/TilesetExample_73.asset
  artifactKey: Guid(21f6cac4d1f148c4ebecacddf59aff99) Importer(815301076,1909f56bfc062723c751e8b465ee728b)
Start importing Assets/TilesetExample_73.asset using Guid(21f6cac4d1f148c4ebecacddf59aff99) Importer(815301076,1909f56bfc062723c751e8b465ee728b)  -> (artifact id: 'eaa5126b9307006beae45e6f8226b186') in 0.004547 seconds 
========================================================================
Received Import Request.
  Time since last request: 0.000013 seconds.
  path: Assets/TilesetExample_75.asset
  artifactKey: Guid(d6902633b0466e74288378a6f830f32a) Importer(815301076,1909f56bfc062723c751e8b465ee728b)
Start importing Assets/TilesetExample_75.asset using Guid(d6902633b0466e74288378a6f830f32a) Importer(815301076,1909f56bfc062723c751e8b465ee728b)  -> (artifact id: 'e784269054d2648fc1458a3661d6a14b') in 0.004686 seconds 
========================================================================
Received Import Request.
  Time since last request: 0.000014 seconds.
  path: Assets/TilesetExample_83.asset
  artifactKey: Guid(b3af77f7b7c252c4e957691b687d043e) Importer(815301076,1909f56bfc062723c751e8b465ee728b)
Start importing Assets/TilesetExample_83.asset using Guid(b3af77f7b7c252c4e957691b687d043e) Importer(815301076,1909f56bfc062723c751e8b465ee728b)  -> (artifact id: '59b6336e29b0daad1eb12e5f60582056') in 0.004319 seconds 
========================================================================
Received Import Request.
  Time since last request: 0.000016 seconds.
  path: Assets/TilesetExample_87.asset
  artifactKey: Guid(779659be2e480f94e85da42a2d99b6ec) Importer(815301076,1909f56bfc062723c751e8b465ee728b)
Start importing Assets/TilesetExample_87.asset using Guid(779659be2e480f94e85da42a2d99b6ec) Importer(815301076,1909f56bfc062723c751e8b465ee728b)  -> (artifact id: 'aa11e161c9d5554facbf41dfc37e1225') in 0.005881 seconds 
========================================================================
Received Import Request.
  Time since last request: 0.000025 seconds.
  path: Assets/TilesetExample_81.asset
  artifactKey: Guid(e3399117d77201441925768727fa6105) Importer(815301076,1909f56bfc062723c751e8b465ee728b)
Start importing Assets/TilesetExample_81.asset using Guid(e3399117d77201441925768727fa6105) Importer(815301076,1909f56bfc062723c751e8b465ee728b)  -> (artifact id: '96051608494bb1406056c091c00aeaff') in 0.004379 seconds 
========================================================================
Received Import Request.
  Time since last request: 0.000013 seconds.
  path: Assets/TilesetExample_95.asset
  artifactKey: Guid(d47a09a4e7be07549bcef08fec69ed58) Importer(815301076,1909f56bfc062723c751e8b465ee728b)
Start importing Assets/TilesetExample_95.asset using Guid(d47a09a4e7be07549bcef08fec69ed58) Importer(815301076,1909f56bfc062723c751e8b465ee728b)  -> (artifact id: 'a321c22f2a08926ef3b3577c7d66cdf0') in 0.004806 seconds 
========================================================================
Received Import Request.
  Time since last request: 0.000016 seconds.
  path: Assets/TilesetExample_89.asset
  artifactKey: Guid(1b1236cceebd510459aab0ddfdc2192e) Importer(815301076,1909f56bfc062723c751e8b465ee728b)
Start importing Assets/TilesetExample_89.asset using Guid(1b1236cceebd510459aab0ddfdc2192e) Importer(815301076,1909f56bfc062723c751e8b465ee728b)  -> (artifact id: 'ab47ff142d555e7656633fc6ecce88af') in 0.004672 seconds 
========================================================================
Received Import Request.
  Time since last request: 0.000012 seconds.
  path: Assets/TilesetExample_109.asset
  artifactKey: Guid(342776daa26a8cc46a19e2d90a82cd03) Importer(815301076,1909f56bfc062723c751e8b465ee728b)
Start importing Assets/TilesetExample_109.asset using Guid(342776daa26a8cc46a19e2d90a82cd03) Importer(815301076,1909f56bfc062723c751e8b465ee728b)  -> (artifact id: '5f9e092fda5dca4b3f851aa441f2a780') in 0.004973 seconds 
========================================================================
Received Import Request.
  Time since last request: 0.000019 seconds.
  path: Assets/TilesetExample_123.asset
  artifactKey: Guid(c2828addf2238664898e83c3223ea842) Importer(815301076,1909f56bfc062723c751e8b465ee728b)
Start importing Assets/TilesetExample_123.asset using Guid(c2828addf2238664898e83c3223ea842) Importer(815301076,1909f56bfc062723c751e8b465ee728b)  -> (artifact id: 'a7983986cfc671c8f51ce53ee19d70ff') in 0.004484 seconds 
========================================================================
Received Import Request.
  Time since last request: 0.000018 seconds.
  path: Assets/TilesetExample_103.asset
  artifactKey: Guid(de7c4e7ad0ba850499714d4da33ffb6d) Importer(815301076,1909f56bfc062723c751e8b465ee728b)
Start importing Assets/TilesetExample_103.asset using Guid(de7c4e7ad0ba850499714d4da33ffb6d) Importer(815301076,1909f56bfc062723c751e8b465ee728b)  -> (artifact id: '1adc3543cc31a45c1a293144c13e9b2e') in 0.004480 seconds 
========================================================================
Received Import Request.
  Time since last request: 0.000016 seconds.
  path: Assets/TilesetExample_125.asset
  artifactKey: Guid(f85b64e4c6c194d4fafb44ca3f7afda8) Importer(815301076,1909f56bfc062723c751e8b465ee728b)
Start importing Assets/TilesetExample_125.asset using Guid(f85b64e4c6c194d4fafb44ca3f7afda8) Importer(815301076,1909f56bfc062723c751e8b465ee728b)  -> (artifact id: 'e058fe50cb5322b6e9c5aa42f29efc3d') in 0.004810 seconds 
========================================================================
Received Import Request.
  Time since last request: 0.000014 seconds.
  path: Assets/TilesetExample_99.asset
  artifactKey: Guid(763e85b12e93bad4a9b9521e7427d826) Importer(815301076,1909f56bfc062723c751e8b465ee728b)
Start importing Assets/TilesetExample_99.asset using Guid(763e85b12e93bad4a9b9521e7427d826) Importer(815301076,1909f56bfc062723c751e8b465ee728b)  -> (artifact id: '4c4346bb1705124e78c69834b0dd09bc') in 0.004825 seconds 
========================================================================
Received Import Request.
  Time since last request: 0.000018 seconds.
  path: Assets/TilesetExample_107.asset
  artifactKey: Guid(24b4769c631ae684597947c0cf4592ab) Importer(815301076,1909f56bfc062723c751e8b465ee728b)
Start importing Assets/TilesetExample_107.asset using Guid(24b4769c631ae684597947c0cf4592ab) Importer(815301076,1909f56bfc062723c751e8b465ee728b)  -> (artifact id: '66417d2bc1e34a229975b3134c7ca158') in 0.004573 seconds 
========================================================================
Received Import Request.
  Time since last request: 0.000020 seconds.
  path: Assets/TilesetExample_135.asset
  artifactKey: Guid(73d31a5c2e54f004eb2034aab5a9d4d3) Importer(815301076,1909f56bfc062723c751e8b465ee728b)
Start importing Assets/TilesetExample_135.asset using Guid(73d31a5c2e54f004eb2034aab5a9d4d3) Importer(815301076,1909f56bfc062723c751e8b465ee728b)  -> (artifact id: 'dca8f2e0f9f0fe883ef05eae2f748da1') in 0.004755 seconds 
========================================================================
Received Import Request.
  Time since last request: 0.000013 seconds.
  path: Assets/TilesetExample_153.asset
  artifactKey: Guid(a148fb69ed7fa42478a928e2aee7385d) Importer(815301076,1909f56bfc062723c751e8b465ee728b)
Start importing Assets/TilesetExample_153.asset using Guid(a148fb69ed7fa42478a928e2aee7385d) Importer(815301076,1909f56bfc062723c751e8b465ee728b)  -> (artifact id: '1ab6285ba923f3265a5732203a1cbf9b') in 0.004175 seconds 
========================================================================
Received Import Request.
  Time since last request: 0.000015 seconds.
  path: Assets/TilesetExample_151.asset
  artifactKey: Guid(3a3c8ab0e1c5ed6408c0cc6400a3784b) Importer(815301076,1909f56bfc062723c751e8b465ee728b)
Start importing Assets/TilesetExample_151.asset using Guid(3a3c8ab0e1c5ed6408c0cc6400a3784b) Importer(815301076,1909f56bfc062723c751e8b465ee728b)  -> (artifact id: '8e7aea2b022c972ea57384de854a2354') in 0.005057 seconds 
========================================================================
Received Import Request.
  Time since last request: 0.000013 seconds.
  path: Assets/TilesetExample_149.asset
  artifactKey: Guid(c0eb4e4113a0fb84ca0a6b4043164784) Importer(815301076,1909f56bfc062723c751e8b465ee728b)
Start importing Assets/TilesetExample_149.asset using Guid(c0eb4e4113a0fb84ca0a6b4043164784) Importer(815301076,1909f56bfc062723c751e8b465ee728b)  -> (artifact id: 'f83f69010b857b24acfbff06c9703bf8') in 0.004203 seconds 
========================================================================
Received Import Request.
  Time since last request: 0.000018 seconds.
  path: Assets/TilesetExample_179.asset
  artifactKey: Guid(3db4a50c4d2921240a64db386f09abfa) Importer(815301076,1909f56bfc062723c751e8b465ee728b)
Start importing Assets/TilesetExample_179.asset using Guid(3db4a50c4d2921240a64db386f09abfa) Importer(815301076,1909f56bfc062723c751e8b465ee728b)  -> (artifact id: 'a3981702f32f0ebc9b50f013d06c2f26') in 0.004441 seconds 
========================================================================
Received Import Request.
  Time since last request: 0.000013 seconds.
  path: Assets/TilesetExample_147.asset
  artifactKey: Guid(e7035ed7e2c7dec449858bdb1efacf14) Importer(815301076,1909f56bfc062723c751e8b465ee728b)
Start importing Assets/TilesetExample_147.asset using Guid(e7035ed7e2c7dec449858bdb1efacf14) Importer(815301076,1909f56bfc062723c751e8b465ee728b)  -> (artifact id: 'c38b8ed32432d86d6dfbd27bafd409cd') in 0.004326 seconds 
========================================================================
Received Import Request.
  Time since last request: 0.000019 seconds.
  path: Assets/TilesetExample_181.asset
  artifactKey: Guid(d7b98db9c7d9847478488bb460c53aa2) Importer(815301076,1909f56bfc062723c751e8b465ee728b)
Start importing Assets/TilesetExample_181.asset using Guid(d7b98db9c7d9847478488bb460c53aa2) Importer(815301076,1909f56bfc062723c751e8b465ee728b)  -> (artifact id: '0e517da7da08f68309d4ebe16b5a5d4b') in 0.004437 seconds 
========================================================================
Received Import Request.
  Time since last request: 0.000013 seconds.
  path: Assets/TilesetExample_187.asset
  artifactKey: Guid(5eb3cfcfb1402e14a88378eaf650c168) Importer(815301076,1909f56bfc062723c751e8b465ee728b)
Start importing Assets/TilesetExample_187.asset using Guid(5eb3cfcfb1402e14a88378eaf650c168) Importer(815301076,1909f56bfc062723c751e8b465ee728b)  -> (artifact id: '8b41a891f86dcbdd9a026129b8593380') in 0.004577 seconds 
========================================================================
Received Import Request.
  Time since last request: 0.000014 seconds.
  path: Assets/TilesetExample_189.asset
  artifactKey: Guid(cb66f2428b1f2c140b4730d7511aa547) Importer(815301076,1909f56bfc062723c751e8b465ee728b)
Start importing Assets/TilesetExample_189.asset using Guid(cb66f2428b1f2c140b4730d7511aa547) Importer(815301076,1909f56bfc062723c751e8b465ee728b)  -> (artifact id: 'cff5bfc9225efb4680aa1c69993257af') in 0.004378 seconds 
========================================================================
Received Import Request.
  Time since last request: 0.000016 seconds.
  path: Assets/TilesetExample_161.asset
  artifactKey: Guid(ee6c08b0e39714a46af62717b3546967) Importer(815301076,1909f56bfc062723c751e8b465ee728b)
Start importing Assets/TilesetExample_161.asset using Guid(ee6c08b0e39714a46af62717b3546967) Importer(815301076,1909f56bfc062723c751e8b465ee728b)  -> (artifact id: '0c219b14498f08ff30735ae3adc196a2') in 0.004645 seconds 
========================================================================
Received Import Request.
  Time since last request: 0.000014 seconds.
  path: Assets/TilesetExample_163.asset
  artifactKey: Guid(678555d8527811146a6861f57ac5d8c4) Importer(815301076,1909f56bfc062723c751e8b465ee728b)
Start importing Assets/TilesetExample_163.asset using Guid(678555d8527811146a6861f57ac5d8c4) Importer(815301076,1909f56bfc062723c751e8b465ee728b)  -> (artifact id: '34f04a9898dac0230f760868ec8efa4e') in 0.003663 seconds 
========================================================================
Received Import Request.
  Time since last request: 0.000014 seconds.
  path: Assets/TilesetExample_155.asset
  artifactKey: Guid(c84c13db832312142993ef41d4e8e3da) Importer(815301076,1909f56bfc062723c751e8b465ee728b)
Start importing Assets/TilesetExample_155.asset using Guid(c84c13db832312142993ef41d4e8e3da) Importer(815301076,1909f56bfc062723c751e8b465ee728b)  -> (artifact id: 'ef68e92a9e64ad028285458b9eb594bd') in 0.004539 seconds 
========================================================================
Received Import Request.
  Time since last request: 0.000014 seconds.
  path: Assets/TilesetExample_205.asset
  artifactKey: Guid(bd102f71202de5f4ba290acff34ce5a7) Importer(815301076,1909f56bfc062723c751e8b465ee728b)
Start importing Assets/TilesetExample_205.asset using Guid(bd102f71202de5f4ba290acff34ce5a7) Importer(815301076,1909f56bfc062723c751e8b465ee728b)  -> (artifact id: '0bb901603d009747962f67eab716e647') in 0.004108 seconds 
========================================================================
Received Import Request.
  Time since last request: 0.000019 seconds.
  path: Assets/TilesetExample_199.asset
  artifactKey: Guid(c82663b80cbee8748bfc413fc03f4fa9) Importer(815301076,1909f56bfc062723c751e8b465ee728b)
Start importing Assets/TilesetExample_199.asset using Guid(c82663b80cbee8748bfc413fc03f4fa9) Importer(815301076,1909f56bfc062723c751e8b465ee728b)  -> (artifact id: '392c0cd9883b449b98d187540488c8c2') in 0.004200 seconds 
========================================================================
Received Import Request.
  Time since last request: 0.000015 seconds.
  path: Assets/TilesetExample_137.asset
  artifactKey: Guid(f543b8ddc7830b54eb3d7eaee623154f) Importer(815301076,1909f56bfc062723c751e8b465ee728b)
Start importing Assets/TilesetExample_137.asset using Guid(f543b8ddc7830b54eb3d7eaee623154f) Importer(815301076,1909f56bfc062723c751e8b465ee728b)  -> (artifact id: '8a540005dff771c5c66fb6045b6fae1e') in 0.004728 seconds 
========================================================================
Received Import Request.
  Time since last request: 0.000013 seconds.
  path: Assets/TilesetExample_197.asset
  artifactKey: Guid(f1ed6c0e2918e9740bc5d664dde86c1c) Importer(815301076,1909f56bfc062723c751e8b465ee728b)
Start importing Assets/TilesetExample_197.asset using Guid(f1ed6c0e2918e9740bc5d664dde86c1c) Importer(815301076,1909f56bfc062723c751e8b465ee728b)  -> (artifact id: '280c2fb913b518fddd710c097ae75611') in 0.004345 seconds 
========================================================================
Received Import Request.
  Time since last request: 0.000013 seconds.
  path: Assets/TilesetExample_195.asset
  artifactKey: Guid(167a6b67302d42a48b95973908b7ee04) Importer(815301076,1909f56bfc062723c751e8b465ee728b)
Start importing Assets/TilesetExample_195.asset using Guid(167a6b67302d42a48b95973908b7ee04) Importer(815301076,1909f56bfc062723c751e8b465ee728b)  -> (artifact id: '5352c632a6a9970ccec55183e80ffff8') in 0.004396 seconds 
========================================================================
Received Import Request.
  Time since last request: 0.000013 seconds.
  path: Assets/TilesetExample_173.asset
  artifactKey: Guid(9e416c0a5948bb24db8a7f2e8659222a) Importer(815301076,1909f56bfc062723c751e8b465ee728b)
Start importing Assets/TilesetExample_173.asset using Guid(9e416c0a5948bb24db8a7f2e8659222a) Importer(815301076,1909f56bfc062723c751e8b465ee728b)  -> (artifact id: 'd5a5344fb3f683ae0862cc1e2c299a48') in 0.004710 seconds 
========================================================================
Received Import Request.
  Time since last request: 0.000012 seconds.
  path: Assets/TilesetExample_157.asset
  artifactKey: Guid(c1f8a18428fe39c458428e8bcd0abaac) Importer(815301076,1909f56bfc062723c751e8b465ee728b)
Start importing Assets/TilesetExample_157.asset using Guid(c1f8a18428fe39c458428e8bcd0abaac) Importer(815301076,1909f56bfc062723c751e8b465ee728b)  -> (artifact id: 'b0e89d75bde325f40eb55aa7337c6f6f') in 0.004414 seconds 
========================================================================
Received Import Request.
  Time since last request: 0.000015 seconds.
  path: Assets/TilesetExample_119.asset
  artifactKey: Guid(22290392661a5e14ebbee75661836513) Importer(815301076,1909f56bfc062723c751e8b465ee728b)
Start importing Assets/TilesetExample_119.asset using Guid(22290392661a5e14ebbee75661836513) Importer(815301076,1909f56bfc062723c751e8b465ee728b)  -> (artifact id: '0bd216952fba41dfcee31eb45826f9f3') in 0.004201 seconds 
========================================================================
Received Import Request.
  Time since last request: 0.000015 seconds.
  path: Assets/TilesetExample_169.asset
  artifactKey: Guid(27bea64ba4f860248a704837faebe0a5) Importer(815301076,1909f56bfc062723c751e8b465ee728b)
Start importing Assets/TilesetExample_169.asset using Guid(27bea64ba4f860248a704837faebe0a5) Importer(815301076,1909f56bfc062723c751e8b465ee728b)  -> (artifact id: '34b622d79878c3543365490261621e92') in 0.004896 seconds 
========================================================================
Received Prepare
Registering precompiled user dll's ...
Registered in 0.007369 seconds.
Begin MonoManager ReloadAssembly
Native extension for WindowsStandalone target not found
Native extension for WebGL target not found
Refreshing native plugins compatible for Editor in 1.01 ms, found 4 plugins.
Preloading 0 native plugins for Editor in 0.00 ms.
Mono: successfully reloaded assembly
- Completed reload, in  0.795 seconds
Domain Reload Profiling:
	ReloadAssembly (795ms)
		BeginReloadAssembly (113ms)
			ExecutionOrderSort (0ms)
			DisableScriptedObjects (6ms)
			BackupInstance (0ms)
			ReleaseScriptingObjects (0ms)
			CreateAndSetChildDomain (35ms)
		EndReloadAssembly (608ms)
			LoadAssemblies (73ms)
			RebuildTransferFunctionScriptingTraits (0ms)
			SetupTypeCache (175ms)
			ReleaseScriptCaches (1ms)
			RebuildScriptCaches (33ms)
			SetupLoadedEditorAssemblies (284ms)
				LogAssemblyErrors (0ms)
				InitializePlatformSupportModulesInManaged (13ms)
				SetLoadedEditorAssemblies (0ms)
				RefreshPlugins (1ms)
				BeforeProcessingInitializeOnLoad (71ms)
				ProcessInitializeOnLoadAttributes (162ms)
				ProcessInitializeOnLoadMethodAttributes (30ms)
				AfterProcessingInitializeOnLoad (7ms)
				EditorAssembliesLoaded (0ms)
			ExecutionOrderSort2 (0ms)
			AwakeInstancesAfterBackupRestoration (6ms)
Platform modules already initialized, skipping
Refreshing native plugins compatible for Editor in 2.45 ms, found 4 plugins.
Preloading 0 native plugins for Editor in 0.00 ms.
Unloading 4073 Unused Serialized files (Serialized files now loaded: 0)
Unloading 25 unused Assets / (24.6 KB). Loaded Objects now: 4568.
Memory consumption went from 156.4 MB to 156.4 MB.
Total: 2.612100 ms (FindLiveObjects: 0.212300 ms CreateObjectMapping: 0.094900 ms MarkObjects: 2.288600 ms  DeleteObjects: 0.015800 ms)

AssetImportParameters requested are different than current active one (requested -> active):
  custom:video-decoder-ogg-theora: a1e56fd34408186e4bbccfd4996cb3dc -> 
  custom:container-muxer-webm: aa71ff27fc2769a1b78a27578f13a17b -> 
  custom:container-demuxer-webm: 4f35f7cbe854078d1ac9338744f61a02 -> 
  custom:video-encoder-webm-vp8: eb34c28f22e8b96e1ab97ce403110664 -> 
  custom:audio-encoder-webm-vorbis: bf7c407c2cedff20999df2af8eb42d56 -> 
  custom:framework-win-MediaFoundation: 216162199b28c13a410421893ffa2e32 -> 
  custom:container-demuxer-ogg: 62fdf1f143b41e24485cea50d1cbac27 -> 
  custom:video-decoder-webm-vp8: 9c59270c3fd7afecdb556c50c9e8de78 -> 
  custom:audio-decoder-ogg-vorbis: bf7c407c2cedff20999df2af8eb42d56 -> 
========================================================================
Received Prepare
Registering precompiled user dll's ...
Registered in 0.007148 seconds.
Begin MonoManager ReloadAssembly
Native extension for WindowsStandalone target not found
Native extension for WebGL target not found
Refreshing native plugins compatible for Editor in 0.62 ms, found 4 plugins.
Preloading 0 native plugins for Editor in 0.00 ms.
Mono: successfully reloaded assembly
- Completed reload, in  0.742 seconds
Domain Reload Profiling:
	ReloadAssembly (743ms)
		BeginReloadAssembly (110ms)
			ExecutionOrderSort (0ms)
			DisableScriptedObjects (5ms)
			BackupInstance (0ms)
			ReleaseScriptingObjects (0ms)
			CreateAndSetChildDomain (31ms)
		EndReloadAssembly (558ms)
			LoadAssemblies (78ms)
			RebuildTransferFunctionScriptingTraits (0ms)
			SetupTypeCache (162ms)
			ReleaseScriptCaches (1ms)
			RebuildScriptCaches (31ms)
			SetupLoadedEditorAssemblies (258ms)
				LogAssemblyErrors (0ms)
				InitializePlatformSupportModulesInManaged (10ms)
				SetLoadedEditorAssemblies (0ms)
				RefreshPlugins (1ms)
				BeforeProcessingInitializeOnLoad (59ms)
				ProcessInitializeOnLoadAttributes (150ms)
				ProcessInitializeOnLoadMethodAttributes (31ms)
				AfterProcessingInitializeOnLoad (7ms)
				EditorAssembliesLoaded (0ms)
			ExecutionOrderSort2 (0ms)
			AwakeInstancesAfterBackupRestoration (6ms)
Platform modules already initialized, skipping
Refreshing native plugins compatible for Editor in 2.34 ms, found 4 plugins.
Preloading 0 native plugins for Editor in 0.00 ms.
Unloading 4072 Unused Serialized files (Serialized files now loaded: 0)
Unloading 26 unused Assets / (24.6 KB). Loaded Objects now: 4570.
Memory consumption went from 156.4 MB to 156.4 MB.
Total: 2.595500 ms (FindLiveObjects: 0.223200 ms CreateObjectMapping: 0.095100 ms MarkObjects: 2.259600 ms  DeleteObjects: 0.017100 ms)

AssetImportParameters requested are different than current active one (requested -> active):
  custom:video-decoder-ogg-theora: a1e56fd34408186e4bbccfd4996cb3dc -> 
  custom:container-muxer-webm: aa71ff27fc2769a1b78a27578f13a17b -> 
  custom:container-demuxer-webm: 4f35f7cbe854078d1ac9338744f61a02 -> 
  custom:video-encoder-webm-vp8: eb34c28f22e8b96e1ab97ce403110664 -> 
  custom:audio-encoder-webm-vorbis: bf7c407c2cedff20999df2af8eb42d56 -> 
  custom:framework-win-MediaFoundation: 216162199b28c13a410421893ffa2e32 -> 
  custom:container-demuxer-ogg: 62fdf1f143b41e24485cea50d1cbac27 -> 
  custom:video-decoder-webm-vp8: 9c59270c3fd7afecdb556c50c9e8de78 -> 
  custom:audio-decoder-ogg-vorbis: bf7c407c2cedff20999df2af8eb42d56 -> 
Editor requested this worker to shutdown with reason: Scaling down because of idle timeout
AssetImportWorker is now disconnected from the server
Process exiting
Exiting without the bug reporter. Application will terminate with return code 0