Using pre-set license
Built from '2021.3/release' branch; Version is '2021.3.12f1 (8af3c3e441b1) revision 9106371'; Using compiler version '192829333'; Build Type 'Release'
OS: 'Windows 10  (10.0.19045) 64bit Professional' Language: 'en' Physical Memory: 8076 MB
BatchMode: 1, IsHumanControllingUs: 0, StartBugReporterOnCrash: 0, Is64bit: 1, IsPro: 1

COMMAND LINE ARGUMENTS:
C:\Program Files\Unity\Hub\Editor\2021.3.12f1\Editor\Unity.exe
-adb2
-batchMode
-noUpm
-name
AssetImportWorker4
-projectPath
C:/Unity/Roc/RoC
-logFile
Logs/AssetImportWorker4.log
-srvPort
65045
Successfully changed project path to: C:/Unity/Roc/RoC
C:/Unity/Roc/RoC
[UnityMemory] Configuration Parameters - Can be set up in boot.config
    "memorysetup-bucket-allocator-granularity=16"
    "memorysetup-bucket-allocator-bucket-count=8"
    "memorysetup-bucket-allocator-block-size=33554432"
    "memorysetup-bucket-allocator-block-count=8"
    "memorysetup-main-allocator-block-size=16777216"
    "memorysetup-thread-allocator-block-size=16777216"
    "memorysetup-gfx-main-allocator-block-size=16777216"
    "memorysetup-gfx-thread-allocator-block-size=16777216"
    "memorysetup-cache-allocator-block-size=4194304"
    "memorysetup-typetree-allocator-block-size=2097152"
    "memorysetup-profiler-bucket-allocator-granularity=16"
    "memorysetup-profiler-bucket-allocator-bucket-count=8"
    "memorysetup-profiler-bucket-allocator-block-size=33554432"
    "memorysetup-profiler-bucket-allocator-block-count=8"
    "memorysetup-profiler-allocator-block-size=16777216"
    "memorysetup-profiler-editor-allocator-block-size=1048576"
    "memorysetup-temp-allocator-size-main=16777216"
    "memorysetup-job-temp-allocator-block-size=2097152"
    "memorysetup-job-temp-allocator-block-size-background=1048576"
    "memorysetup-job-temp-allocator-reduction-small-platforms=262144"
    "memorysetup-temp-allocator-size-background-worker=32768"
    "memorysetup-temp-allocator-size-job-worker=262144"
    "memorysetup-temp-allocator-size-preload-manager=33554432"
    "memorysetup-temp-allocator-size-nav-mesh-worker=65536"
    "memorysetup-temp-allocator-size-audio-worker=65536"
    "memorysetup-temp-allocator-size-cloud-worker=32768"
    "memorysetup-temp-allocator-size-gi-baking-worker=262144"
    "memorysetup-temp-allocator-size-gfx=262144"
Refreshing native plugins compatible for Editor in 78.40 ms, found 4 plugins.
Preloading 0 native plugins for Editor in 0.00 ms.
Initialize engine version: 2021.3.12f1 (8af3c3e441b1)
[Subsystems] Discovering subsystems at path C:/Program Files/Unity/Hub/Editor/2021.3.12f1/Editor/Data/Resources/UnitySubsystems
[Subsystems] Discovering subsystems at path C:/Unity/Roc/RoC/Assets
GfxDevice: creating device client; threaded=0; jobified=0
Direct3D:
    Version:  Direct3D 11.0 [level 11.1]
    Renderer: NVIDIA GeForce GTX 1060 3GB (ID=0x1c02)
    Vendor:   NVIDIA
    VRAM:     2979 MB
    Driver:   31.0.15.2737
Initialize mono
Mono path[0] = 'C:/Program Files/Unity/Hub/Editor/2021.3.12f1/Editor/Data/Managed'
Mono path[1] = 'C:/Program Files/Unity/Hub/Editor/2021.3.12f1/Editor/Data/MonoBleedingEdge/lib/mono/unityjit-win32'
Mono config path = 'C:/Program Files/Unity/Hub/Editor/2021.3.12f1/Editor/Data/MonoBleedingEdge/etc'
Using monoOptions --debugger-agent=transport=dt_socket,embedding=1,server=y,suspend=n,address=127.0.0.1:56616
Begin MonoManager ReloadAssembly
Registering precompiled unity dll's ...
Register platform support module: C:/Program Files/Unity/Hub/Editor/2021.3.12f1/Editor/Data/PlaybackEngines/WebGLSupport/UnityEditor.WebGL.Extensions.dll
Register platform support module: C:/Program Files/Unity/Hub/Editor/2021.3.12f1/Editor/Data/PlaybackEngines/WindowsStandaloneSupport/UnityEditor.WindowsStandalone.Extensions.dll
Registered in 0.005994 seconds.
Native extension for WindowsStandalone target not found
Native extension for WebGL target not found
Refreshing native plugins compatible for Editor in 68.92 ms, found 4 plugins.
Preloading 0 native plugins for Editor in 0.00 ms.
Mono: successfully reloaded assembly
- Completed reload, in  0.475 seconds
Domain Reload Profiling:
	ReloadAssembly (476ms)
		BeginReloadAssembly (56ms)
			ExecutionOrderSort (0ms)
			DisableScriptedObjects (0ms)
			BackupInstance (0ms)
			ReleaseScriptingObjects (0ms)
			CreateAndSetChildDomain (1ms)
		EndReloadAssembly (338ms)
			LoadAssemblies (55ms)
			RebuildTransferFunctionScriptingTraits (0ms)
			SetupTypeCache (69ms)
			ReleaseScriptCaches (0ms)
			RebuildScriptCaches (19ms)
			SetupLoadedEditorAssemblies (211ms)
				LogAssemblyErrors (0ms)
				InitializePlatformSupportModulesInManaged (7ms)
				SetLoadedEditorAssemblies (0ms)
				RefreshPlugins (69ms)
				BeforeProcessingInitializeOnLoad (1ms)
				ProcessInitializeOnLoadAttributes (102ms)
				ProcessInitializeOnLoadMethodAttributes (32ms)
				AfterProcessingInitializeOnLoad (0ms)
				EditorAssembliesLoaded (0ms)
			ExecutionOrderSort2 (0ms)
			AwakeInstancesAfterBackupRestoration (0ms)
Platform modules already initialized, skipping
Registering precompiled user dll's ...
Registered in 0.006517 seconds.
Begin MonoManager ReloadAssembly
Native extension for WindowsStandalone target not found
Native extension for WebGL target not found
Refreshing native plugins compatible for Editor in 68.07 ms, found 4 plugins.
Preloading 0 native plugins for Editor in 0.00 ms.
Mono: successfully reloaded assembly
- Completed reload, in  0.830 seconds
Domain Reload Profiling:
	ReloadAssembly (830ms)
		BeginReloadAssembly (83ms)
			ExecutionOrderSort (0ms)
			DisableScriptedObjects (4ms)
			BackupInstance (0ms)
			ReleaseScriptingObjects (0ms)
			CreateAndSetChildDomain (15ms)
		EndReloadAssembly (662ms)
			LoadAssemblies (68ms)
			RebuildTransferFunctionScriptingTraits (0ms)
			SetupTypeCache (160ms)
			ReleaseScriptCaches (1ms)
			RebuildScriptCaches (38ms)
			SetupLoadedEditorAssemblies (362ms)
				LogAssemblyErrors (0ms)
				InitializePlatformSupportModulesInManaged (5ms)
				SetLoadedEditorAssemblies (0ms)
				RefreshPlugins (68ms)
				BeforeProcessingInitializeOnLoad (77ms)
				ProcessInitializeOnLoadAttributes (171ms)
				ProcessInitializeOnLoadMethodAttributes (35ms)
				AfterProcessingInitializeOnLoad (7ms)
				EditorAssembliesLoaded (0ms)
			ExecutionOrderSort2 (0ms)
			AwakeInstancesAfterBackupRestoration (4ms)
Platform modules already initialized, skipping
========================================================================
Worker process is ready to serve import requests
Launched and connected shader compiler UnityShaderCompiler.exe after 0.04 seconds
Refreshing native plugins compatible for Editor in 0.74 ms, found 4 plugins.
Preloading 0 native plugins for Editor in 0.00 ms.
Unloading 4097 Unused Serialized files (Serialized files now loaded: 0)
Unloading 38 unused Assets / (56.8 KB). Loaded Objects now: 4553.
Memory consumption went from 154.0 MB to 154.0 MB.
Total: 2.722500 ms (FindLiveObjects: 0.202900 ms CreateObjectMapping: 0.106300 ms MarkObjects: 2.352800 ms  DeleteObjects: 0.059900 ms)

AssetImportParameters requested are different than current active one (requested -> active):
  custom:video-decoder-ogg-theora: a1e56fd34408186e4bbccfd4996cb3dc -> 
  custom:container-muxer-webm: aa71ff27fc2769a1b78a27578f13a17b -> 
  custom:container-demuxer-webm: 4f35f7cbe854078d1ac9338744f61a02 -> 
  custom:video-encoder-webm-vp8: eb34c28f22e8b96e1ab97ce403110664 -> 
  custom:audio-encoder-webm-vorbis: bf7c407c2cedff20999df2af8eb42d56 -> 
  custom:framework-win-MediaFoundation: 216162199b28c13a410421893ffa2e32 -> 
  custom:container-demuxer-ogg: 62fdf1f143b41e24485cea50d1cbac27 -> 
  custom:video-decoder-webm-vp8: 9c59270c3fd7afecdb556c50c9e8de78 -> 
  custom:audio-decoder-ogg-vorbis: bf7c407c2cedff20999df2af8eb42d56 -> 
========================================================================
Received Import Request.
  Time since last request: 161283.559591 seconds.
  path: Assets/MarkerManager.cs
  artifactKey: Guid(5b58fd18d7c60844d84742263fc2d02b) Importer(815301076,1909f56bfc062723c751e8b465ee728b)
Start importing Assets/MarkerManager.cs using Guid(5b58fd18d7c60844d84742263fc2d02b) Importer(815301076,1909f56bfc062723c751e8b465ee728b)  -> (artifact id: '24967d1a5d4935b248a90cf4e49e2719') in 0.021260 seconds 
========================================================================
Received Import Request.
  Time since last request: 65.370559 seconds.
  path: Assets/PauseMenu.cs
  artifactKey: Guid(03b857c23c22d0746851f49338299ead) Importer(815301076,1909f56bfc062723c751e8b465ee728b)
Start importing Assets/PauseMenu.cs using Guid(03b857c23c22d0746851f49338299ead) Importer(815301076,1909f56bfc062723c751e8b465ee728b)  -> (artifact id: '451d7c2a3f54c01c11cc51b71f404371') in 0.001460 seconds 
========================================================================
Received Import Request.
  Time since last request: 0.299123 seconds.
  path: Assets/PlayerMovement.cs
  artifactKey: Guid(73af3eafaaefd60498eba58eda7b85f8) Importer(815301076,1909f56bfc062723c751e8b465ee728b)
Start importing Assets/PlayerMovement.cs using Guid(73af3eafaaefd60498eba58eda7b85f8) Importer(815301076,1909f56bfc062723c751e8b465ee728b)  -> (artifact id: 'c43456e1948a8503199bba6618745a0c') in 0.001444 seconds 
========================================================================
Received Import Request.
  Time since last request: 2.030152 seconds.
  path: Assets/TileData.cs
  artifactKey: Guid(5065cff59f8b669429a97d1e0d3c1bc3) Importer(815301076,1909f56bfc062723c751e8b465ee728b)
Start importing Assets/TileData.cs using Guid(5065cff59f8b669429a97d1e0d3c1bc3) Importer(815301076,1909f56bfc062723c751e8b465ee728b)  -> (artifact id: '3ba553d8ea45f4950d8b1e991abd88bd') in 0.002621 seconds 
========================================================================
Received Import Request.
  Time since last request: 7.565605 seconds.
  path: Assets/TitleMapReadController.cs
  artifactKey: Guid(205589cb5f5a3de42a580cb634863a4b) Importer(815301076,1909f56bfc062723c751e8b465ee728b)
Start importing Assets/TitleMapReadController.cs using Guid(205589cb5f5a3de42a580cb634863a4b) Importer(815301076,1909f56bfc062723c751e8b465ee728b)  -> (artifact id: '7183424a2694aaf04e771fb05962b4af') in 0.001373 seconds 
========================================================================
Received Import Request.
  Time since last request: 0.418888 seconds.
  path: Assets/TitleData.cs
  artifactKey: Guid(770957db3b4241a4fb3d50dadf43aaa8) Importer(815301076,1909f56bfc062723c751e8b465ee728b)
Start importing Assets/TitleData.cs using Guid(770957db3b4241a4fb3d50dadf43aaa8) Importer(815301076,1909f56bfc062723c751e8b465ee728b)  -> (artifact id: '9211848766ad7c5779aba7a527f7c778') in 0.001423 seconds 
========================================================================
Received Import Request.
  Time since last request: 781.508158 seconds.
  path: Assets/Sprites/pallets/Titles/TilesetExample_10.asset
  artifactKey: Guid(207283188045cfb43aa3b280e0beb55d) Importer(815301076,1909f56bfc062723c751e8b465ee728b)
Start importing Assets/Sprites/pallets/Titles/TilesetExample_10.asset using Guid(207283188045cfb43aa3b280e0beb55d) Importer(815301076,1909f56bfc062723c751e8b465ee728b)  -> (artifact id: 'd6471289cf5cef3f07741bb6fd7c141c') in 0.046874 seconds 
========================================================================
Received Import Request.
  Time since last request: 0.000040 seconds.
  path: Assets/Sprites/pallets/Titles/TilesetExample_16.asset
  artifactKey: Guid(fffd0dd42a291064b806ef531ef0471c) Importer(815301076,1909f56bfc062723c751e8b465ee728b)
Start importing Assets/Sprites/pallets/Titles/TilesetExample_16.asset using Guid(fffd0dd42a291064b806ef531ef0471c) Importer(815301076,1909f56bfc062723c751e8b465ee728b)  -> (artifact id: 'e16d094c541d6ad7782bc81328ae4320') in 0.005285 seconds 
========================================================================
Received Import Request.
  Time since last request: 0.000022 seconds.
  path: Assets/Sprites/pallets/Titles/TilesetExample_14.asset
  artifactKey: Guid(1facc0ca769e7174a97ec19dd87e32dc) Importer(815301076,1909f56bfc062723c751e8b465ee728b)
Start importing Assets/Sprites/pallets/Titles/TilesetExample_14.asset using Guid(1facc0ca769e7174a97ec19dd87e32dc) Importer(815301076,1909f56bfc062723c751e8b465ee728b)  -> (artifact id: 'e8f6b360b90b37f93fa42b1c5d1ac844') in 0.005871 seconds 
========================================================================
Received Import Request.
  Time since last request: 1.434921 seconds.
  path: Assets/Sprites/pallets/Titles/TilesetExample_17.asset
  artifactKey: Guid(ba9664156c4cd824f84b7cd3105faadb) Importer(815301076,1909f56bfc062723c751e8b465ee728b)
Start importing Assets/Sprites/pallets/Titles/TilesetExample_17.asset using Guid(ba9664156c4cd824f84b7cd3105faadb) Importer(815301076,1909f56bfc062723c751e8b465ee728b)  -> (artifact id: 'aea6b993f5d5ef8edf7a9c910889d4fe') in 0.004904 seconds 
========================================================================
Received Import Request.
  Time since last request: 0.000013 seconds.
  path: Assets/Sprites/pallets/Titles/TilesetExample_21.asset
  artifactKey: Guid(dbf71f4c61163f14e8cfc3f33d35d80f) Importer(815301076,1909f56bfc062723c751e8b465ee728b)
Start importing Assets/Sprites/pallets/Titles/TilesetExample_21.asset using Guid(dbf71f4c61163f14e8cfc3f33d35d80f) Importer(815301076,1909f56bfc062723c751e8b465ee728b)  -> (artifact id: '3e33c3c6d5929493b06e7b669462fb16') in 0.005032 seconds 
========================================================================
Received Import Request.
  Time since last request: 0.000017 seconds.
  path: Assets/Sprites/pallets/Titles/TilesetExample_20.asset
  artifactKey: Guid(11d34768923400d4b81e0fa66e5b083d) Importer(815301076,1909f56bfc062723c751e8b465ee728b)
Start importing Assets/Sprites/pallets/Titles/TilesetExample_20.asset using Guid(11d34768923400d4b81e0fa66e5b083d) Importer(815301076,1909f56bfc062723c751e8b465ee728b)  -> (artifact id: '34b6052ba11909c6447beaa2c3746fbc') in 0.004250 seconds 
========================================================================
Received Import Request.
  Time since last request: 0.018987 seconds.
  path: Assets/Sprites/pallets/Titles/TilesetExample_22.asset
  artifactKey: Guid(38ef0e032ef6fa4428f90ff97cbf7c81) Importer(815301076,1909f56bfc062723c751e8b465ee728b)
Start importing Assets/Sprites/pallets/Titles/TilesetExample_22.asset using Guid(38ef0e032ef6fa4428f90ff97cbf7c81) Importer(815301076,1909f56bfc062723c751e8b465ee728b)  -> (artifact id: '2fe7ae22a2e47a9177d364e853ffc4bf') in 0.005638 seconds 
========================================================================
Received Import Request.
  Time since last request: 0.000017 seconds.
  path: Assets/Sprites/pallets/Titles/TilesetExample_24.asset
  artifactKey: Guid(8d5ae57416a409d42894867ac505b741) Importer(815301076,1909f56bfc062723c751e8b465ee728b)
Start importing Assets/Sprites/pallets/Titles/TilesetExample_24.asset using Guid(8d5ae57416a409d42894867ac505b741) Importer(815301076,1909f56bfc062723c751e8b465ee728b)  -> (artifact id: '8e9da850d1b9a43e6a53b49f1dbdf32e') in 0.004743 seconds 
========================================================================
Received Import Request.
  Time since last request: 0.000016 seconds.
  path: Assets/Sprites/pallets/Titles/TilesetExample_26.asset
  artifactKey: Guid(54a8a937ae94b1343a435ff543a72dc6) Importer(815301076,1909f56bfc062723c751e8b465ee728b)
Start importing Assets/Sprites/pallets/Titles/TilesetExample_26.asset using Guid(54a8a937ae94b1343a435ff543a72dc6) Importer(815301076,1909f56bfc062723c751e8b465ee728b)  -> (artifact id: '5ec7c21d18d81356859ab1b3becf1507') in 0.004284 seconds 
========================================================================
Received Import Request.
  Time since last request: 0.006331 seconds.
  path: Assets/Sprites/pallets/Titles/TilesetExample_27.asset
  artifactKey: Guid(3ff76c71e07d5184198bf4783abe6a3e) Importer(815301076,1909f56bfc062723c751e8b465ee728b)
Start importing Assets/Sprites/pallets/Titles/TilesetExample_27.asset using Guid(3ff76c71e07d5184198bf4783abe6a3e) Importer(815301076,1909f56bfc062723c751e8b465ee728b)  -> (artifact id: 'd441b4b124d7dca4ea2ff8ab929f6849') in 0.004731 seconds 
========================================================================
Received Import Request.
  Time since last request: 0.000015 seconds.
  path: Assets/Sprites/pallets/Titles/TilesetExample_30.asset
  artifactKey: Guid(1f8726d7dfd6dfa4da011d9f59908d1b) Importer(815301076,1909f56bfc062723c751e8b465ee728b)
Start importing Assets/Sprites/pallets/Titles/TilesetExample_30.asset using Guid(1f8726d7dfd6dfa4da011d9f59908d1b) Importer(815301076,1909f56bfc062723c751e8b465ee728b)  -> (artifact id: '19a11933f302bf90b04609175ea60edf') in 0.005138 seconds 
========================================================================
Received Import Request.
  Time since last request: 0.000020 seconds.
  path: Assets/Sprites/pallets/Titles/TilesetExample_34.asset
  artifactKey: Guid(afdecae7a6932c8409aefceab12030e4) Importer(815301076,1909f56bfc062723c751e8b465ee728b)
Start importing Assets/Sprites/pallets/Titles/TilesetExample_34.asset using Guid(afdecae7a6932c8409aefceab12030e4) Importer(815301076,1909f56bfc062723c751e8b465ee728b)  -> (artifact id: '91f09015e14356192436efe1d8e6a1d0') in 0.004435 seconds 
========================================================================
Received Import Request.
  Time since last request: 0.000014 seconds.
  path: Assets/Sprites/pallets/Titles/TilesetExample_29.asset
  artifactKey: Guid(bae7d93f8d08f814f96da3bf44a78d2d) Importer(815301076,1909f56bfc062723c751e8b465ee728b)
Start importing Assets/Sprites/pallets/Titles/TilesetExample_29.asset using Guid(bae7d93f8d08f814f96da3bf44a78d2d) Importer(815301076,1909f56bfc062723c751e8b465ee728b)  -> (artifact id: '60b5b6b28518a1880e4d587d8ad4b3d1') in 0.004560 seconds 
========================================================================
Received Import Request.
  Time since last request: 0.000015 seconds.
  path: Assets/Sprites/pallets/Titles/TilesetExample_32.asset
  artifactKey: Guid(7d7e77938d477a647b1e4cc2db8e66cd) Importer(815301076,1909f56bfc062723c751e8b465ee728b)
Start importing Assets/Sprites/pallets/Titles/TilesetExample_32.asset using Guid(7d7e77938d477a647b1e4cc2db8e66cd) Importer(815301076,1909f56bfc062723c751e8b465ee728b)  -> (artifact id: '2630375bd9f741de54ab5bd500ca2b0f') in 0.004120 seconds 
========================================================================
Received Import Request.
  Time since last request: 0.010214 seconds.
  path: Assets/Sprites/pallets/Titles/TilesetExample_36.asset
  artifactKey: Guid(64ffdd24a6ae7dd4890020ebc95d00c9) Importer(815301076,1909f56bfc062723c751e8b465ee728b)
Start importing Assets/Sprites/pallets/Titles/TilesetExample_36.asset using Guid(64ffdd24a6ae7dd4890020ebc95d00c9) Importer(815301076,1909f56bfc062723c751e8b465ee728b)  -> (artifact id: 'fcf1abbab9f3d2cdab4bcc20b6e25a6f') in 0.004428 seconds 
========================================================================
Received Import Request.
  Time since last request: 0.000021 seconds.
  path: Assets/Sprites/pallets/Titles/TilesetExample_39.asset
  artifactKey: Guid(98d746da96b85a94abd63c9d6b8b71e7) Importer(815301076,1909f56bfc062723c751e8b465ee728b)
Start importing Assets/Sprites/pallets/Titles/TilesetExample_39.asset using Guid(98d746da96b85a94abd63c9d6b8b71e7) Importer(815301076,1909f56bfc062723c751e8b465ee728b)  -> (artifact id: '27db0392343cf6d930ed644759e588fa') in 0.004580 seconds 
========================================================================
Received Import Request.
  Time since last request: 0.417990 seconds.
  path: Assets/Sprites/pallets/Titles/TilesetExample_40.asset
  artifactKey: Guid(a7b214cba90bc154b8120725af59db6a) Importer(815301076,1909f56bfc062723c751e8b465ee728b)
Start importing Assets/Sprites/pallets/Titles/TilesetExample_40.asset using Guid(a7b214cba90bc154b8120725af59db6a) Importer(815301076,1909f56bfc062723c751e8b465ee728b)  -> (artifact id: '02978a37d9ef7e392d663df0342f9c5e') in 0.005181 seconds 
========================================================================
Received Import Request.
  Time since last request: 0.000017 seconds.
  path: Assets/Sprites/pallets/Titles/TilesetExample_42.asset
  artifactKey: Guid(15c5058d1976c1f48b7164cb6eb20ebc) Importer(815301076,1909f56bfc062723c751e8b465ee728b)
Start importing Assets/Sprites/pallets/Titles/TilesetExample_42.asset using Guid(15c5058d1976c1f48b7164cb6eb20ebc) Importer(815301076,1909f56bfc062723c751e8b465ee728b)  -> (artifact id: 'b09f3a25303658958c6280d679f3808d') in 0.006058 seconds 
========================================================================
Received Import Request.
  Time since last request: 0.000017 seconds.
  path: Assets/Sprites/pallets/Titles/TilesetExample_43.asset
  artifactKey: Guid(438cf3a0614c79e47a4c0f4adbb96774) Importer(815301076,1909f56bfc062723c751e8b465ee728b)
Start importing Assets/Sprites/pallets/Titles/TilesetExample_43.asset using Guid(438cf3a0614c79e47a4c0f4adbb96774) Importer(815301076,1909f56bfc062723c751e8b465ee728b)  -> (artifact id: 'aab7127d5dbc5b8f2320d334a991a245') in 0.004375 seconds 
========================================================================
Received Import Request.
  Time since last request: 0.008632 seconds.
  path: Assets/Sprites/pallets/Titles/TilesetExample_45.asset
  artifactKey: Guid(77d61b80dd0c77f4c9d7a123d7f0cf50) Importer(815301076,1909f56bfc062723c751e8b465ee728b)
Start importing Assets/Sprites/pallets/Titles/TilesetExample_45.asset using Guid(77d61b80dd0c77f4c9d7a123d7f0cf50) Importer(815301076,1909f56bfc062723c751e8b465ee728b)  -> (artifact id: '340c934f211384daf6fd45be73936e7b') in 0.006668 seconds 
========================================================================
Received Import Request.
  Time since last request: 0.000021 seconds.
  path: Assets/Sprites/pallets/Titles/TilesetExample_49.asset
  artifactKey: Guid(41b172cb4a89dbb47afc642110aaae0d) Importer(815301076,1909f56bfc062723c751e8b465ee728b)
Start importing Assets/Sprites/pallets/Titles/TilesetExample_49.asset using Guid(41b172cb4a89dbb47afc642110aaae0d) Importer(815301076,1909f56bfc062723c751e8b465ee728b)  -> (artifact id: '99b35cbf548f011d1dd60e2214d5dd1f') in 0.005266 seconds 
========================================================================
Received Import Request.
  Time since last request: 0.000020 seconds.
  path: Assets/Sprites/pallets/Titles/TilesetExample_47.asset
  artifactKey: Guid(8db5123a70923cb4ea51047be6926a7f) Importer(815301076,1909f56bfc062723c751e8b465ee728b)
Start importing Assets/Sprites/pallets/Titles/TilesetExample_47.asset using Guid(8db5123a70923cb4ea51047be6926a7f) Importer(815301076,1909f56bfc062723c751e8b465ee728b)  -> (artifact id: 'e5ab3e29d1ef5763715df05b6a218322') in 0.005346 seconds 
========================================================================
Received Import Request.
  Time since last request: 0.000014 seconds.
  path: Assets/Sprites/pallets/Titles/TilesetExample_51.asset
  artifactKey: Guid(cda5f2809d6039843aa8653dceec92b2) Importer(815301076,1909f56bfc062723c751e8b465ee728b)
Start importing Assets/Sprites/pallets/Titles/TilesetExample_51.asset using Guid(cda5f2809d6039843aa8653dceec92b2) Importer(815301076,1909f56bfc062723c751e8b465ee728b)  -> (artifact id: 'cf4bdfd5cfcc023904c4b8785a9ec2f5') in 0.005399 seconds 
========================================================================
Received Import Request.
  Time since last request: 0.000016 seconds.
  path: Assets/Sprites/pallets/Titles/TilesetExample_54.asset
  artifactKey: Guid(693fc004ab490cc49abc741d4cc26d6d) Importer(815301076,1909f56bfc062723c751e8b465ee728b)
Start importing Assets/Sprites/pallets/Titles/TilesetExample_54.asset using Guid(693fc004ab490cc49abc741d4cc26d6d) Importer(815301076,1909f56bfc062723c751e8b465ee728b)  -> (artifact id: 'ed826c9cae1ac2c9926a05d1e94d5eae') in 0.005076 seconds 
========================================================================
Received Import Request.
  Time since last request: 0.000014 seconds.
  path: Assets/Sprites/pallets/Titles/TilesetExample_58.asset
  artifactKey: Guid(63f857d965e5d9949b7c0486bdc8e11d) Importer(815301076,1909f56bfc062723c751e8b465ee728b)
Start importing Assets/Sprites/pallets/Titles/TilesetExample_58.asset using Guid(63f857d965e5d9949b7c0486bdc8e11d) Importer(815301076,1909f56bfc062723c751e8b465ee728b)  -> (artifact id: 'f0016c0959e4f91f9e8497d0d8ec36e1') in 0.004760 seconds 
========================================================================
Received Import Request.
  Time since last request: 0.000021 seconds.
  path: Assets/Sprites/pallets/Titles/TilesetExample_57.asset
  artifactKey: Guid(99552d767dabc1b41a126ff01342d847) Importer(815301076,1909f56bfc062723c751e8b465ee728b)
Start importing Assets/Sprites/pallets/Titles/TilesetExample_57.asset using Guid(99552d767dabc1b41a126ff01342d847) Importer(815301076,1909f56bfc062723c751e8b465ee728b)  -> (artifact id: '05f6dbb4dc34701c0681682efb04467d') in 0.004686 seconds 
========================================================================
Received Import Request.
  Time since last request: 0.019374 seconds.
  path: Assets/Sprites/pallets/Titles/TilesetExample_59.asset
  artifactKey: Guid(c5d179e027dc22e44ba97bb1caf94cfb) Importer(815301076,1909f56bfc062723c751e8b465ee728b)
Start importing Assets/Sprites/pallets/Titles/TilesetExample_59.asset using Guid(c5d179e027dc22e44ba97bb1caf94cfb) Importer(815301076,1909f56bfc062723c751e8b465ee728b)  -> (artifact id: 'af1223a8e520c426006b888ebaba21a8') in 0.005184 seconds 
========================================================================
Received Import Request.
  Time since last request: 0.000016 seconds.
  path: Assets/Sprites/pallets/Titles/TilesetExample_62.asset
  artifactKey: Guid(928a9cfe6ff8c5e499cb5776fe4d4b66) Importer(815301076,1909f56bfc062723c751e8b465ee728b)
Start importing Assets/Sprites/pallets/Titles/TilesetExample_62.asset using Guid(928a9cfe6ff8c5e499cb5776fe4d4b66) Importer(815301076,1909f56bfc062723c751e8b465ee728b)  -> (artifact id: '68d180570c7a201a3fb1ccc6789267e2') in 0.004707 seconds 
========================================================================
Received Import Request.
  Time since last request: 0.277178 seconds.
  path: Assets/Sprites/pallets/Titles/TilesetExample_64.asset
  artifactKey: Guid(955a28609d74c314e930d05dead1b3c9) Importer(815301076,1909f56bfc062723c751e8b465ee728b)
Start importing Assets/Sprites/pallets/Titles/TilesetExample_64.asset using Guid(955a28609d74c314e930d05dead1b3c9) Importer(815301076,1909f56bfc062723c751e8b465ee728b)  -> (artifact id: '1e58e56d460cf21771f09d629312430f') in 0.005240 seconds 
========================================================================
Received Import Request.
  Time since last request: 0.000018 seconds.
  path: Assets/Sprites/pallets/Titles/TilesetExample_67.asset
  artifactKey: Guid(ab0573ac6854b6f479b20c66df93e989) Importer(815301076,1909f56bfc062723c751e8b465ee728b)
Start importing Assets/Sprites/pallets/Titles/TilesetExample_67.asset using Guid(ab0573ac6854b6f479b20c66df93e989) Importer(815301076,1909f56bfc062723c751e8b465ee728b)  -> (artifact id: 'ee813d8fb564d7abec437e59147ab78d') in 0.004924 seconds 
========================================================================
Received Import Request.
  Time since last request: 0.024242 seconds.
  path: Assets/Sprites/pallets/Titles/TilesetExample_68.asset
  artifactKey: Guid(d27309702d34fc74a8545be0fc59bb6e) Importer(815301076,1909f56bfc062723c751e8b465ee728b)
Start importing Assets/Sprites/pallets/Titles/TilesetExample_68.asset using Guid(d27309702d34fc74a8545be0fc59bb6e) Importer(815301076,1909f56bfc062723c751e8b465ee728b)  -> (artifact id: 'b2f0b60591b0a5d28ac3a27fbc19578e') in 0.005548 seconds 
========================================================================
Received Import Request.
  Time since last request: 0.000021 seconds.
  path: Assets/Sprites/pallets/Titles/TilesetExample_75.asset
  artifactKey: Guid(730c3035ee618584ca31d2c158008a57) Importer(815301076,1909f56bfc062723c751e8b465ee728b)
Start importing Assets/Sprites/pallets/Titles/TilesetExample_75.asset using Guid(730c3035ee618584ca31d2c158008a57) Importer(815301076,1909f56bfc062723c751e8b465ee728b)  -> (artifact id: '3e24739ea0bb7afaee724c524d7df840') in 0.006361 seconds 
========================================================================
Received Import Request.
  Time since last request: 0.000022 seconds.
  path: Assets/Sprites/pallets/Titles/TilesetExample_79.asset
  artifactKey: Guid(b293fef6748016a488490b41e16c61e8) Importer(815301076,1909f56bfc062723c751e8b465ee728b)
Start importing Assets/Sprites/pallets/Titles/TilesetExample_79.asset using Guid(b293fef6748016a488490b41e16c61e8) Importer(815301076,1909f56bfc062723c751e8b465ee728b)  -> (artifact id: '5a3d5d06965a165c9d74a9a2b21b42cb') in 0.005810 seconds 
========================================================================
Received Import Request.
  Time since last request: 0.000018 seconds.
  path: Assets/Sprites/pallets/Titles/TilesetExample_89.asset
  artifactKey: Guid(d43469d5ee046954f8b1a8ba2dd635ac) Importer(815301076,1909f56bfc062723c751e8b465ee728b)
Start importing Assets/Sprites/pallets/Titles/TilesetExample_89.asset using Guid(d43469d5ee046954f8b1a8ba2dd635ac) Importer(815301076,1909f56bfc062723c751e8b465ee728b)  -> (artifact id: '094d5396073cefb1d094813d0714b5d4') in 0.005405 seconds 
========================================================================
Received Import Request.
  Time since last request: 0.000015 seconds.
  path: Assets/Sprites/pallets/Titles/TilesetExample_83.asset
  artifactKey: Guid(748b843a52473ca478a09d58eb169627) Importer(815301076,1909f56bfc062723c751e8b465ee728b)
Start importing Assets/Sprites/pallets/Titles/TilesetExample_83.asset using Guid(748b843a52473ca478a09d58eb169627) Importer(815301076,1909f56bfc062723c751e8b465ee728b)  -> (artifact id: 'c1efdb213ae8de1e64d919c601f3ea34') in 0.004946 seconds 
========================================================================
Received Import Request.
  Time since last request: 0.000014 seconds.
  path: Assets/Sprites/pallets/Titles/TilesetExample_91.asset
  artifactKey: Guid(1a86c5b6bba88be49be496748cc38f6a) Importer(815301076,1909f56bfc062723c751e8b465ee728b)
Start importing Assets/Sprites/pallets/Titles/TilesetExample_91.asset using Guid(1a86c5b6bba88be49be496748cc38f6a) Importer(815301076,1909f56bfc062723c751e8b465ee728b)  -> (artifact id: '1cafc6be760f248ead691ee9f7a0256e') in 0.005451 seconds 
========================================================================
Received Import Request.
  Time since last request: 0.000015 seconds.
  path: Assets/Sprites/pallets/Titles/TilesetExample_95.asset
  artifactKey: Guid(d52a01ff168487c44a9d7022554364cb) Importer(815301076,1909f56bfc062723c751e8b465ee728b)
Start importing Assets/Sprites/pallets/Titles/TilesetExample_95.asset using Guid(d52a01ff168487c44a9d7022554364cb) Importer(815301076,1909f56bfc062723c751e8b465ee728b)  -> (artifact id: '5dcaf6f5663dd5d294bcf6f6a4a6cbcf') in 0.005230 seconds 
========================================================================
Received Import Request.
  Time since last request: 0.000019 seconds.
  path: Assets/Sprites/pallets/Titles/TilesetExample_107.asset
  artifactKey: Guid(bd14caf74eca9ce4cb8a9b1f98ec437d) Importer(815301076,1909f56bfc062723c751e8b465ee728b)
Start importing Assets/Sprites/pallets/Titles/TilesetExample_107.asset using Guid(bd14caf74eca9ce4cb8a9b1f98ec437d) Importer(815301076,1909f56bfc062723c751e8b465ee728b)  -> (artifact id: 'c36518229d0e49511d7f2e97d41d83dd') in 0.006136 seconds 
========================================================================
Received Import Request.
  Time since last request: 0.000013 seconds.
  path: Assets/Sprites/pallets/Titles/TilesetExample_101.asset
  artifactKey: Guid(3882efe0f9ac08e41a8a444d3a72cc00) Importer(815301076,1909f56bfc062723c751e8b465ee728b)
Start importing Assets/Sprites/pallets/Titles/TilesetExample_101.asset using Guid(3882efe0f9ac08e41a8a444d3a72cc00) Importer(815301076,1909f56bfc062723c751e8b465ee728b)  -> (artifact id: 'e84b7cd29a6af30a74686735e5ca4e66') in 0.004741 seconds 
========================================================================
Received Import Request.
  Time since last request: 0.000014 seconds.
  path: Assets/Sprites/pallets/Titles/TilesetExample_105.asset
  artifactKey: Guid(2e2b58c21bda69b4a828127ed3e572ba) Importer(815301076,1909f56bfc062723c751e8b465ee728b)
Start importing Assets/Sprites/pallets/Titles/TilesetExample_105.asset using Guid(2e2b58c21bda69b4a828127ed3e572ba) Importer(815301076,1909f56bfc062723c751e8b465ee728b)  -> (artifact id: 'f291a74c0a54eb58c8a06d7298139bfa') in 0.004770 seconds 
========================================================================
Received Import Request.
  Time since last request: 0.000014 seconds.
  path: Assets/Sprites/pallets/Titles/TilesetExample_97.asset
  artifactKey: Guid(cb43184ae988ff546ae2e15cf4114ccd) Importer(815301076,1909f56bfc062723c751e8b465ee728b)
Start importing Assets/Sprites/pallets/Titles/TilesetExample_97.asset using Guid(cb43184ae988ff546ae2e15cf4114ccd) Importer(815301076,1909f56bfc062723c751e8b465ee728b)  -> (artifact id: '61b953e8c2c4f34736fdecd31744003a') in 0.004616 seconds 
========================================================================
Received Import Request.
  Time since last request: 0.320316 seconds.
  path: Assets/Sprites/pallets/Titles/TilesetExample_111.asset
  artifactKey: Guid(4637ae36acfdb6b4686bba3353e0c400) Importer(815301076,1909f56bfc062723c751e8b465ee728b)
Start importing Assets/Sprites/pallets/Titles/TilesetExample_111.asset using Guid(4637ae36acfdb6b4686bba3353e0c400) Importer(815301076,1909f56bfc062723c751e8b465ee728b)  -> (artifact id: '93ad8429938faaa4458645acabbc51f3') in 0.006547 seconds 
========================================================================
Received Import Request.
  Time since last request: 0.000017 seconds.
  path: Assets/Sprites/pallets/Titles/TilesetExample_119.asset
  artifactKey: Guid(29468345042e2b94d90fd9be3ff2054e) Importer(815301076,1909f56bfc062723c751e8b465ee728b)
Start importing Assets/Sprites/pallets/Titles/TilesetExample_119.asset using Guid(29468345042e2b94d90fd9be3ff2054e) Importer(815301076,1909f56bfc062723c751e8b465ee728b)  -> (artifact id: '7c17ea5eb1d414f65397d2ed0c6dc5a7') in 0.004996 seconds 
========================================================================
Received Import Request.
  Time since last request: 0.000024 seconds.
  path: Assets/Sprites/pallets/Titles/TilesetExample_115.asset
  artifactKey: Guid(4008de8826db84f438bc96535748b437) Importer(815301076,1909f56bfc062723c751e8b465ee728b)
Start importing Assets/Sprites/pallets/Titles/TilesetExample_115.asset using Guid(4008de8826db84f438bc96535748b437) Importer(815301076,1909f56bfc062723c751e8b465ee728b)  -> (artifact id: 'b992aceb469709de5048674cec044081') in 0.004947 seconds 
========================================================================
Received Import Request.
  Time since last request: 0.000016 seconds.
  path: Assets/Sprites/pallets/Titles/TilesetExample_123.asset
  artifactKey: Guid(06319bfe7f39fa74fbe185e645aaafcd) Importer(815301076,1909f56bfc062723c751e8b465ee728b)
Start importing Assets/Sprites/pallets/Titles/TilesetExample_123.asset using Guid(06319bfe7f39fa74fbe185e645aaafcd) Importer(815301076,1909f56bfc062723c751e8b465ee728b)  -> (artifact id: 'a702563093d08729197c7d1e77b816c0') in 0.004513 seconds 
========================================================================
Received Import Request.
  Time since last request: 0.014514 seconds.
  path: Assets/Sprites/pallets/Titles/TilesetExample_125.asset
  artifactKey: Guid(cab5f30dc1634e04894a8e15ac5f0e48) Importer(815301076,1909f56bfc062723c751e8b465ee728b)
Start importing Assets/Sprites/pallets/Titles/TilesetExample_125.asset using Guid(cab5f30dc1634e04894a8e15ac5f0e48) Importer(815301076,1909f56bfc062723c751e8b465ee728b)  -> (artifact id: 'a8e8c835c8d3e9bb44f8a911cd481453') in 0.005248 seconds 
========================================================================
Received Import Request.
  Time since last request: 0.000018 seconds.
  path: Assets/Sprites/pallets/Titles/TilesetExample_129.asset
  artifactKey: Guid(a8fcdd811875d7d42b5b5e74c85c8431) Importer(815301076,1909f56bfc062723c751e8b465ee728b)
Start importing Assets/Sprites/pallets/Titles/TilesetExample_129.asset using Guid(a8fcdd811875d7d42b5b5e74c85c8431) Importer(815301076,1909f56bfc062723c751e8b465ee728b)  -> (artifact id: '3bb98926f54742c53ad3932bd8fb6fda') in 0.005196 seconds 
========================================================================
Received Import Request.
  Time since last request: 0.000017 seconds.
  path: Assets/Sprites/pallets/Titles/TilesetExample_133.asset
  artifactKey: Guid(e831c641ec948e247b3b3ffc81f274ed) Importer(815301076,1909f56bfc062723c751e8b465ee728b)
Start importing Assets/Sprites/pallets/Titles/TilesetExample_133.asset using Guid(e831c641ec948e247b3b3ffc81f274ed) Importer(815301076,1909f56bfc062723c751e8b465ee728b)  -> (artifact id: '674f7fcd2593cf2a308681e594b95e5c') in 0.005327 seconds 
========================================================================
Received Import Request.
  Time since last request: 0.000015 seconds.
  path: Assets/Sprites/pallets/Titles/TilesetExample_153.asset
  artifactKey: Guid(25e77c74bb2ce6347b8ff09e399500b2) Importer(815301076,1909f56bfc062723c751e8b465ee728b)
Start importing Assets/Sprites/pallets/Titles/TilesetExample_153.asset using Guid(25e77c74bb2ce6347b8ff09e399500b2) Importer(815301076,1909f56bfc062723c751e8b465ee728b)  -> (artifact id: '7d27775222c78537fc14aed8ac7bccef') in 0.005077 seconds 
========================================================================
Received Import Request.
  Time since last request: 0.000013 seconds.
  path: Assets/Sprites/pallets/Titles/TilesetExample_157.asset
  artifactKey: Guid(2dc8c3d5ebb5fb2418de8cafb41a2c84) Importer(815301076,1909f56bfc062723c751e8b465ee728b)
Start importing Assets/Sprites/pallets/Titles/TilesetExample_157.asset using Guid(2dc8c3d5ebb5fb2418de8cafb41a2c84) Importer(815301076,1909f56bfc062723c751e8b465ee728b)  -> (artifact id: '8ae7b5bd63799bce895273cac606b5f8') in 0.004951 seconds 
========================================================================
Received Import Request.
  Time since last request: 0.000018 seconds.
  path: Assets/Sprites/pallets/Titles/TilesetExample_145.asset
  artifactKey: Guid(e5148a41b8032e64c85cb7c69ff612f4) Importer(815301076,1909f56bfc062723c751e8b465ee728b)
Start importing Assets/Sprites/pallets/Titles/TilesetExample_145.asset using Guid(e5148a41b8032e64c85cb7c69ff612f4) Importer(815301076,1909f56bfc062723c751e8b465ee728b)  -> (artifact id: 'fbcb6a1dee59835567f6b517d724dc5d') in 0.004169 seconds 
========================================================================
Received Import Request.
  Time since last request: 0.000016 seconds.
  path: Assets/Sprites/pallets/Titles/TilesetExample_169.asset
  artifactKey: Guid(dc94e1d0cf8576a449f8150da9a4f5cf) Importer(815301076,1909f56bfc062723c751e8b465ee728b)
Start importing Assets/Sprites/pallets/Titles/TilesetExample_169.asset using Guid(dc94e1d0cf8576a449f8150da9a4f5cf) Importer(815301076,1909f56bfc062723c751e8b465ee728b)  -> (artifact id: 'beb1f2bfb3d2fdc22a1580f86f952183') in 0.004363 seconds 
========================================================================
Received Import Request.
  Time since last request: 0.000021 seconds.
  path: Assets/Sprites/pallets/Titles/TilesetExample_173.asset
  artifactKey: Guid(feaae0f918b325247b8b525d29ff1724) Importer(815301076,1909f56bfc062723c751e8b465ee728b)
Start importing Assets/Sprites/pallets/Titles/TilesetExample_173.asset using Guid(feaae0f918b325247b8b525d29ff1724) Importer(815301076,1909f56bfc062723c751e8b465ee728b)  -> (artifact id: '0631200791d535eca9861aa2c2878f44') in 0.004522 seconds 
========================================================================
Received Import Request.
  Time since last request: 0.000016 seconds.
  path: Assets/Sprites/pallets/Titles/TilesetExample_147.asset
  artifactKey: Guid(72537e77b26089c41a93338a52ea5c44) Importer(815301076,1909f56bfc062723c751e8b465ee728b)
Start importing Assets/Sprites/pallets/Titles/TilesetExample_147.asset using Guid(72537e77b26089c41a93338a52ea5c44) Importer(815301076,1909f56bfc062723c751e8b465ee728b)  -> (artifact id: '434a940fdf1a4d6131e4164bfa7fbd78') in 0.004188 seconds 
========================================================================
Received Import Request.
  Time since last request: 0.000017 seconds.
  path: Assets/Sprites/pallets/Titles/TilesetExample_163.asset
  artifactKey: Guid(13f146989ce05024a9c65be7dace9bc2) Importer(815301076,1909f56bfc062723c751e8b465ee728b)
Start importing Assets/Sprites/pallets/Titles/TilesetExample_163.asset using Guid(13f146989ce05024a9c65be7dace9bc2) Importer(815301076,1909f56bfc062723c751e8b465ee728b)  -> (artifact id: 'dfb4c4e6610e530cd8b5277be47d341a') in 0.004142 seconds 
========================================================================
Received Import Request.
  Time since last request: 0.000014 seconds.
  path: Assets/Sprites/pallets/Titles/TilesetExample_137.asset
  artifactKey: Guid(06bb402d8213d7747b209895dd183a62) Importer(815301076,1909f56bfc062723c751e8b465ee728b)
Start importing Assets/Sprites/pallets/Titles/TilesetExample_137.asset using Guid(06bb402d8213d7747b209895dd183a62) Importer(815301076,1909f56bfc062723c751e8b465ee728b)  -> (artifact id: '6ed32acb0fb981394d80d727e90250a3') in 0.005769 seconds 
========================================================================
Received Import Request.
  Time since last request: 0.000015 seconds.
  path: Assets/Sprites/pallets/Titles/TilesetExample_151.asset
  artifactKey: Guid(f03af943d54811042bddf7f34aad3ba8) Importer(815301076,1909f56bfc062723c751e8b465ee728b)
Start importing Assets/Sprites/pallets/Titles/TilesetExample_151.asset using Guid(f03af943d54811042bddf7f34aad3ba8) Importer(815301076,1909f56bfc062723c751e8b465ee728b)  -> (artifact id: 'f8e0d91966cf4a889eb81c44b1f72434') in 0.005029 seconds 
========================================================================
Received Import Request.
  Time since last request: 0.000015 seconds.
  path: Assets/Sprites/pallets/Titles/TilesetExample_141.asset
  artifactKey: Guid(c835328cfbe82954188bd1ec93c33127) Importer(815301076,1909f56bfc062723c751e8b465ee728b)
Start importing Assets/Sprites/pallets/Titles/TilesetExample_141.asset using Guid(c835328cfbe82954188bd1ec93c33127) Importer(815301076,1909f56bfc062723c751e8b465ee728b)  -> (artifact id: '1bf268c4d366cb2953b659b12fa91b36') in 0.006341 seconds 
========================================================================
Received Import Request.
  Time since last request: 0.000016 seconds.
  path: Assets/Sprites/pallets/Titles/TilesetExample_139.asset
  artifactKey: Guid(93277e8dd97c8474cb16b69a3b834e12) Importer(815301076,1909f56bfc062723c751e8b465ee728b)
Start importing Assets/Sprites/pallets/Titles/TilesetExample_139.asset using Guid(93277e8dd97c8474cb16b69a3b834e12) Importer(815301076,1909f56bfc062723c751e8b465ee728b)  -> (artifact id: '9d03fab63662feb0b614c75425f13ff0') in 0.004852 seconds 
========================================================================
Received Import Request.
  Time since last request: 0.250138 seconds.
  path: Assets/Sprites/pallets/Titles/TilesetExample_179.asset
  artifactKey: Guid(6d444c8bbddc7814e8b0f8d629497778) Importer(815301076,1909f56bfc062723c751e8b465ee728b)
Start importing Assets/Sprites/pallets/Titles/TilesetExample_179.asset using Guid(6d444c8bbddc7814e8b0f8d629497778) Importer(815301076,1909f56bfc062723c751e8b465ee728b)  -> (artifact id: 'a1d6c9c213206295e23e359d93307509') in 0.005183 seconds 
========================================================================
Received Import Request.
  Time since last request: 0.000015 seconds.
  path: Assets/Sprites/pallets/Titles/TilesetExample_187.asset
  artifactKey: Guid(f77ef1301bf9c4f4a81019b3b075b813) Importer(815301076,1909f56bfc062723c751e8b465ee728b)
Start importing Assets/Sprites/pallets/Titles/TilesetExample_187.asset using Guid(f77ef1301bf9c4f4a81019b3b075b813) Importer(815301076,1909f56bfc062723c751e8b465ee728b)  -> (artifact id: 'dd831b46dbb356c83d802e2f1e769196') in 0.006123 seconds 
========================================================================
Received Import Request.
  Time since last request: 0.000014 seconds.
  path: Assets/Sprites/pallets/Titles/TilesetExample_191.asset
  artifactKey: Guid(188eda186a1a466468ac9f5716364a05) Importer(815301076,1909f56bfc062723c751e8b465ee728b)
Start importing Assets/Sprites/pallets/Titles/TilesetExample_191.asset using Guid(188eda186a1a466468ac9f5716364a05) Importer(815301076,1909f56bfc062723c751e8b465ee728b)  -> (artifact id: '295e2cfc2254a4c88543eb4629ea6dc8') in 0.004490 seconds 
========================================================================
Received Import Request.
  Time since last request: 0.009911 seconds.
  path: Assets/Sprites/pallets/Titles/TilesetExample_193.asset
  artifactKey: Guid(773f4649e15d1024dae0dfcd88a1db2e) Importer(815301076,1909f56bfc062723c751e8b465ee728b)
Start importing Assets/Sprites/pallets/Titles/TilesetExample_193.asset using Guid(773f4649e15d1024dae0dfcd88a1db2e) Importer(815301076,1909f56bfc062723c751e8b465ee728b)  -> (artifact id: '1c3aa0c4659664da7f22b4064c137bb6') in 0.004973 seconds 
========================================================================
Received Import Request.
  Time since last request: 0.000020 seconds.
  path: Assets/Sprites/pallets/Titles/TilesetExample_205.asset
  artifactKey: Guid(4023e1d0089a1d9408182613d8247e4a) Importer(815301076,1909f56bfc062723c751e8b465ee728b)
Start importing Assets/Sprites/pallets/Titles/TilesetExample_205.asset using Guid(4023e1d0089a1d9408182613d8247e4a) Importer(815301076,1909f56bfc062723c751e8b465ee728b)  -> (artifact id: 'c997e32373df046ec1e27b55c1c52ea8') in 0.004638 seconds 
========================================================================
Received Import Request.
  Time since last request: 0.000019 seconds.
  path: Assets/Sprites/pallets/Titles/TilesetExample_201.asset
  artifactKey: Guid(67b7635783a406a4782ed71d62395487) Importer(815301076,1909f56bfc062723c751e8b465ee728b)
Start importing Assets/Sprites/pallets/Titles/TilesetExample_201.asset using Guid(67b7635783a406a4782ed71d62395487) Importer(815301076,1909f56bfc062723c751e8b465ee728b)  -> (artifact id: '6e5172fc287f243d2d0bf8d6846b8139') in 0.005040 seconds 
Editor requested this worker to shutdown with reason: Scaling down because of idle timeout
AssetImportWorker is now disconnected from the server
Process exiting
Exiting without the bug reporter. Application will terminate with return code 0